 20 	 = 0.0119658 	 2.5  	 1.48084 
 20 	 = 0.0119536 	 2.4  	 1.37979 
 20 	 = 0.0119413 	 2.3  	 1.27875 
 20 	 = 0.0119291 	 2.2  	 1.1777 
 20 	 = 0.0119169 	 2.1  	 1.07666 
 20 	 = 0.0119048 	 2  	 0.97561 
 20 	 = 0.0118926 	 1.9  	 0.979094 
 20 	 = 0.0118805 	 1.8  	 0.982578 
 20 	 = 0.0118684 	 1.7  	 0.986063 
 20 	 = 0.0118564 	 1.6  	 0.989547 
 20 	 = 0.0118443 	 1.5  	 0.993031 
 20 	 = 0.0118323 	 1.4  	 0.996516 
 20 	 = 0.0118203 	 1.3  	 1 
 20 	 = 0.0118084 	 1.2  	 1.00348 
 20 	 = 0.0117964 	 1.1  	 1.00697 
 20 	 = 0.0117845 	 1.02041  	 1.01045 
 20 	 = 0.0117726 	 1.12245  	 1.01394 
 20 	 = 0.0117608 	 1.12957  	 0.97074 
 20 	 = 0.0117489 	 1.0299  	 0.870912 
 20 	 = 0.0117371 	 0.930233  	 0.771084 
 20 	 = 0.0117253 	 0.830565  	 0.671256 
 20 	 = 0.0117135 	 0.730897  	 0.571429 
 20 	 = 0.0117018 	 0.631229  	 0.471601 
 20 	 = 0.01169 	 0.531561  	 0.371773 
 20 	 = 0.0116783 	 0.431894  	 0.271945 
 20 	 = 0.0116667 	 0.332226  	 0.172117 
 20 	 = 0.011655 	 0.232558  	 0.168675 
 20 	 = 0.0116434 	 0.2  	 0.165232 
 20 	 = 0.0116318 	 0.3  	 0.16179 
 20 	 = 0.0116202 	 0.4  	 0.227194 
 20 	 = 0.0116086 	 0.5  	 0.327022 
 20 	 = 0.0115971 	 0.6  	 0.42685 
 20 	 = 0.0115856 	 0.7  	 0.526678 
 20 	 = 0.0115741 	 0.8  	 0.626506 
 20 	 = 0.0115626 	 0.9  	 0.726334 
 20 	 = 0.0115512 	 1  	 0.826162 
 20 	 = 0.0115397 	 1.1  	 0.92599 
 20 	 = 0.0115283 	 1.2  	 1.02582 
 20 	 = 0.0115169 	 1.3  	 1.12565 
 20 	 = 0.0115056 	 1.4  	 1.22547 
 20 	 = 0.0114943 	 1.5  	 1.3253 
 20 	 = 0.0114829 	 1.6  	 1.30612 
 20 	 = 0.0114716 	 1.7  	 1.30272 
 20 	 = 0.0114604 	 1.8  	 1.29932 
 20 	 = 0.0114491 	 1.9  	 1.29592 
 20 	 = 0.0114379 	 2  	 1.29252 
 20 	 = 0.0114267 	 2.1  	 1.28912 
 20 	 = 0.0114155 	 2.2  	 1.28571 
 20 	 = 0.0114044 	 2.3  	 1.28231 
 20 	 = 0.0113932 	 2.4  	 1.27891 
