 1 	 = 0.421053 	 0  	 0 
 1 	 = 0.42061 	 0  	 0 
 1 	 = 0.420168 	 0  	 0 
 1 	 = 0.419727 	 0  	 0 
 1 	 = 0.419287 	 0  	 0 
 1 	 = 0.418848 	 0  	 0 
 1 	 = 0.41841 	 0  	 0 
 1 	 = 0.417973 	 0  	 0 
 1 	 = 0.417537 	 0  	 0 
 1 	 = 0.417101 	 0  	 0 
 1 	 = 0.416667 	 0  	 0 
 1 	 = 0.416233 	 0  	 0 
 1 	 = 0.4158 	 0  	 0 
 1 	 = 0.415369 	 0  	 0 
 1 	 = 0.414938 	 0  	 0 
 1 	 = 0.414508 	 0  	 0 
 1 	 = 0.414079 	 0  	 0 
 1 	 = 0.41365 	 0  	 0 
 1 	 = 0.413223 	 0  	 0 
 1 	 = 0.412797 	 0  	 0 
 1 	 = 0.412371 	 0  	 0 
 1 	 = 0.411946 	 0  	 0 
 1 	 = 0.411523 	 0  	 0 
 1 	 = 0.4111 	 0  	 0 
 1 	 = 0.410678 	 0  	 0 
 1 	 = 0.410256 	 0  	 0 
 1 	 = 0.409836 	 0  	 0 
 1 	 = 0.409417 	 0  	 0 
 1 	 = 0.408998 	 0  	 0 
 1 	 = 0.40858 	 0  	 0 
 1 	 = 0.408163 	 0  	 0 
 1 	 = 0.407747 	 0  	 0 
 1 	 = 0.407332 	 0  	 0 
 1 	 = 0.406918 	 0  	 0 
 1 	 = 0.406504 	 0  	 0 
 1 	 = 0.406091 	 0  	 0 
 1 	 = 0.40568 	 0  	 0 
 1 	 = 0.405268 	 0  	 0 
 1 	 = 0.404858 	 0  	 0 
 1 	 = 0.404449 	 0  	 0 
 1 	 = 0.40404 	 0  	 0 
 1 	 = 0.403633 	 0  	 0 
 1 	 = 0.403226 	 0  	 0 
 1 	 = 0.40282 	 0  	 0 
 1 	 = 0.402414 	 0  	 0 
 1 	 = 0.40201 	 0  	 0 
 1 	 = 0.401606 	 0  	 0 
 1 	 = 0.401204 	 0  	 0 
 1 	 = 0.400802 	 0  	 0 
 1 	 = 0.4004 	 0  	 0 
 1 	 = 0.4 	 0  	 0 
 1 	 = 0.3996 	 0  	 0 
 1 	 = 0.399202 	 0  	 0 
 1 	 = 0.398804 	 0  	 0 
 1 	 = 0.398406 	 0  	 0 
 1 	 = 0.39801 	 0  	 0 
 1 	 = 0.397614 	 0  	 0 
 1 	 = 0.397219 	 0  	 0 
 1 	 = 0.396825 	 0  	 0 
 1 	 = 0.396432 	 0  	 0 
 1 	 = 0.39604 	 0  	 0 
 1 	 = 0.395648 	 0  	 0 
 1 	 = 0.395257 	 0  	 0 
 1 	 = 0.394867 	 0  	 0 
 1 	 = 0.394477 	 0  	 0 
 1 	 = 0.394089 	 0  	 0 
 1 	 = 0.393701 	 0  	 0 
 1 	 = 0.393314 	 0  	 0 
 1 	 = 0.392927 	 0  	 0 
 1 	 = 0.392542 	 0  	 0 
 1 	 = 0.392157 	 0  	 0 
 1 	 = 0.391773 	 0  	 0 
 1 	 = 0.391389 	 0  	 0 
 1 	 = 0.391007 	 0  	 0 
 1 	 = 0.390625 	 0  	 0 
 1 	 = 0.390244 	 0  	 0 
 1 	 = 0.389864 	 0  	 0 
 1 	 = 0.389484 	 0  	 0 
 1 	 = 0.389105 	 0  	 0 
 1 	 = 0.388727 	 0  	 0 
 1 	 = 0.38835 	 0  	 0 
 1 	 = 0.387973 	 0  	 0 
 1 	 = 0.387597 	 0  	 0 
 1 	 = 0.387222 	 0  	 0 
 1 	 = 0.386847 	 0  	 0 
 1 	 = 0.386473 	 0  	 0 
 1 	 = 0.3861 	 0  	 0 
 1 	 = 0.385728 	 0  	 0 
 1 	 = 0.385356 	 0  	 0 
 1 	 = 0.384986 	 0  	 0 
 1 	 = 0.384615 	 0  	 0 
 1 	 = 0.384246 	 0  	 0 
 1 	 = 0.383877 	 0  	 0 
 1 	 = 0.383509 	 0  	 0 
 1 	 = 0.383142 	 0  	 0 
 1 	 = 0.382775 	 0  	 0 
 1 	 = 0.382409 	 0  	 0 
 1 	 = 0.382044 	 0  	 0 
 1 	 = 0.381679 	 0  	 0 
 1 	 = 0.381316 	 0  	 0 
 1 	 = 0.380952 	 0  	 0 
 2 	 = 0.210526 	 0.05  	 0.321212 
 2 	 = 0.210305 	 0.049  	 0.314182 
 2 	 = 0.210084 	 0.048  	 0.307152 
 2 	 = 0.209864 	 0.047  	 0.300121 
 2 	 = 0.209644 	 0.046  	 0.293091 
 2 	 = 0.209424 	 0.045  	 0.286061 
 2 	 = 0.209205 	 0.044  	 0.27903 
 2 	 = 0.208986 	 0.043  	 0.272 
 2 	 = 0.208768 	 0.042  	 0.26497 
 2 	 = 0.208551 	 0.041  	 0.257939 
 2 	 = 0.208333 	 0.04  	 0.250909 
 2 	 = 0.208117 	 0.039  	 0.243879 
 2 	 = 0.2079 	 0.038  	 0.236848 
 2 	 = 0.207684 	 0.037  	 0.229818 
 2 	 = 0.207469 	 0.036  	 0.222788 
 2 	 = 0.207254 	 0.035  	 0.215758 
 2 	 = 0.207039 	 0.034  	 0.208727 
 2 	 = 0.206825 	 0.033  	 0.201697 
 2 	 = 0.206612 	 0.032  	 0.194667 
 2 	 = 0.206398 	 0.031  	 0.187636 
 2 	 = 0.206186 	 0.03  	 0.180606 
 2 	 = 0.205973 	 0.029  	 0.173576 
 2 	 = 0.205761 	 0.028  	 0.166545 
 2 	 = 0.20555 	 0.027  	 0.159515 
 2 	 = 0.205339 	 0.026  	 0.152485 
 2 	 = 0.205128 	 0.025  	 0.145455 
 2 	 = 0.204918 	 0.024  	 0.138424 
 2 	 = 0.204708 	 0.023  	 0.131394 
 2 	 = 0.204499 	 0.022  	 0.124364 
 2 	 = 0.20429 	 0.021  	 0.117333 
 2 	 = 0.204082 	 0.02  	 0.110303 
 2 	 = 0.203874 	 0.019  	 0.103273 
 2 	 = 0.203666 	 0.018  	 0.0962424 
 2 	 = 0.203459 	 0.017  	 0.0892121 
 2 	 = 0.203252 	 0.016  	 0.0821818 
 2 	 = 0.203046 	 0.015  	 0.0751515 
 2 	 = 0.20284 	 0.014  	 0.0681212 
 2 	 = 0.202634 	 0.013  	 0.0610909 
 2 	 = 0.202429 	 0.012  	 0.0540606 
 2 	 = 0.202224 	 0.011  	 0.0470303 
 2 	 = 0.20202 	 0.01  	 0.04 
 2 	 = 0.201816 	 0.009  	 0.0390303 
 2 	 = 0.201613 	 0.008  	 0.0380606 
 2 	 = 0.20141 	 0.007  	 0.0370909 
 2 	 = 0.201207 	 0.006  	 0.0361212 
 2 	 = 0.201005 	 0.00505051  	 0.0351515 
 2 	 = 0.200803 	 0.00606061  	 0.0341818 
 2 	 = 0.200602 	 0.00707071  	 0.0332121 
 2 	 = 0.200401 	 0.00808081  	 0.0322424 
 2 	 = 0.2002 	 0.00909091  	 0.0312727 
 2 	 = 0.2 	 0.010101  	 0.030303 
 2 	 = 0.1998 	 0.0111111  	 0.0373333 
 2 	 = 0.199601 	 0.0121212  	 0.0443636 
 2 	 = 0.199402 	 0.0131313  	 0.0513939 
 2 	 = 0.199203 	 0.0141414  	 0.0584242 
 2 	 = 0.199005 	 0.0151515  	 0.0654545 
 2 	 = 0.198807 	 0.0161616  	 0.0724848 
 2 	 = 0.19861 	 0.0171717  	 0.0795152 
 2 	 = 0.198413 	 0.0181818  	 0.0865455 
 2 	 = 0.198216 	 0.0191919  	 0.0935758 
 2 	 = 0.19802 	 0.020202  	 0.100606 
 2 	 = 0.197824 	 0.0212121  	 0.107636 
 2 	 = 0.197628 	 0.0222222  	 0.114667 
 2 	 = 0.197433 	 0.0232323  	 0.121697 
 2 	 = 0.197239 	 0.0242424  	 0.128727 
 2 	 = 0.197044 	 0.0252525  	 0.135758 
 2 	 = 0.19685 	 0.0262626  	 0.142788 
 2 	 = 0.196657 	 0.0272727  	 0.149818 
 2 	 = 0.196464 	 0.0282828  	 0.156848 
 2 	 = 0.196271 	 0.0292929  	 0.163879 
 2 	 = 0.196078 	 0.030303  	 0.170909 
 2 	 = 0.195886 	 0.0313131  	 0.177939 
 2 	 = 0.195695 	 0.0323232  	 0.18497 
 2 	 = 0.195503 	 0.0333333  	 0.192 
 2 	 = 0.195312 	 0.0343434  	 0.19903 
 2 	 = 0.195122 	 0.0353535  	 0.206061 
 2 	 = 0.194932 	 0.0363636  	 0.213091 
 2 	 = 0.194742 	 0.0373737  	 0.220121 
 2 	 = 0.194553 	 0.0383838  	 0.227152 
 2 	 = 0.194363 	 0.0393939  	 0.234182 
 2 	 = 0.194175 	 0.040404  	 0.241212 
 2 	 = 0.193986 	 0.0414141  	 0.248242 
 2 	 = 0.193798 	 0.0424242  	 0.255273 
 2 	 = 0.193611 	 0.0434343  	 0.262303 
 2 	 = 0.193424 	 0.0444444  	 0.269333 
 2 	 = 0.193237 	 0.0454545  	 0.276364 
 2 	 = 0.19305 	 0.0464646  	 0.283394 
 2 	 = 0.192864 	 0.0474747  	 0.290424 
 2 	 = 0.192678 	 0.0484848  	 0.297455 
 2 	 = 0.192493 	 0.0494949  	 0.304485 
 2 	 = 0.192308 	 0  	 0 
 2 	 = 0.192123 	 0  	 0 
 2 	 = 0.191939 	 0  	 0 
 2 	 = 0.191755 	 0  	 0 
 2 	 = 0.191571 	 0  	 0 
 2 	 = 0.191388 	 0  	 0 
 2 	 = 0.191205 	 0  	 0 
 2 	 = 0.191022 	 0  	 0 
 2 	 = 0.19084 	 0  	 0 
 2 	 = 0.190658 	 0  	 0 
 2 	 = 0.190476 	 0  	 0 
 3 	 = 0.140203 	 0  	 0 
 3 	 = 0.140056 	 0  	 0 
 3 	 = 0.139909 	 0  	 0 
 3 	 = 0.139762 	 0  	 0 
 3 	 = 0.139616 	 0  	 0 
 3 	 = 0.13947 	 0  	 0 
 3 	 = 0.139324 	 0  	 0 
 3 	 = 0.139179 	 0  	 0 
 3 	 = 0.139034 	 0  	 0 
 3 	 = 0.138889 	 0  	 0 
 3 	 = 0.138744 	 0  	 0 
 3 	 = 0.1386 	 0  	 0 
 3 	 = 0.138456 	 0  	 0 
 3 	 = 0.138313 	 0  	 0 
 3 	 = 0.138169 	 0  	 0 
 3 	 = 0.138026 	 0  	 0 
 3 	 = 0.137883 	 0  	 0 
 3 	 = 0.137741 	 0  	 0 
 3 	 = 0.137599 	 0  	 0 
 3 	 = 0.137457 	 0  	 0 
 3 	 = 0.137315 	 0  	 0 
 3 	 = 0.137174 	 0  	 0 
 3 	 = 0.137033 	 0  	 0 
 3 	 = 0.136893 	 0  	 0 
 3 	 = 0.136752 	 0  	 0 
 3 	 = 0.136612 	 0  	 0 
 3 	 = 0.136472 	 0  	 0 
 3 	 = 0.136333 	 0  	 0 
 3 	 = 0.136193 	 0  	 0 
 3 	 = 0.136054 	 0  	 0 
 3 	 = 0.135916 	 0  	 0 
 3 	 = 0.135777 	 0  	 0 
 3 	 = 0.135639 	 0  	 0 
 3 	 = 0.135501 	 0  	 0 
 3 	 = 0.135364 	 0  	 0 
 3 	 = 0.135227 	 0  	 0 
 3 	 = 0.135089 	 0  	 0 
 3 	 = 0.134953 	 0  	 0 
 3 	 = 0.134816 	 0  	 0 
 3 	 = 0.13468 	 0  	 0 
 3 	 = 0.134544 	 0  	 0 
 3 	 = 0.134409 	 0  	 0 
 3 	 = 0.134273 	 0  	 0 
 3 	 = 0.134138 	 0  	 0 
 3 	 = 0.134003 	 0  	 0 
 3 	 = 0.133869 	 0  	 0 
 3 	 = 0.133735 	 0  	 0 
 3 	 = 0.133601 	 0  	 0 
 3 	 = 0.133467 	 0  	 0 
 3 	 = 0.133333 	 0  	 0 
 3 	 = 0.1332 	 0  	 0 
 3 	 = 0.133067 	 0  	 0 
 3 	 = 0.132935 	 0  	 0 
 3 	 = 0.132802 	 0  	 0 
 3 	 = 0.13267 	 0  	 0 
 3 	 = 0.132538 	 0  	 0 
 3 	 = 0.132406 	 0  	 0 
 3 	 = 0.132275 	 0  	 0 
 3 	 = 0.132144 	 0  	 0 
 3 	 = 0.132013 	 0  	 0 
 3 	 = 0.131883 	 0  	 0 
 3 	 = 0.131752 	 0  	 0 
 3 	 = 0.131622 	 0  	 0 
 3 	 = 0.131492 	 0  	 0 
 3 	 = 0.131363 	 0  	 0 
 3 	 = 0.131234 	 0  	 0 
 3 	 = 0.131105 	 0  	 0 
 3 	 = 0.130976 	 0  	 0 
 3 	 = 0.130847 	 0  	 0 
 3 	 = 0.130719 	 0  	 0 
 3 	 = 0.130591 	 0  	 0 
 3 	 = 0.130463 	 0  	 0 
 3 	 = 0.130336 	 0  	 0 
 3 	 = 0.130208 	 0  	 0 
 3 	 = 0.130081 	 0  	 0 
 3 	 = 0.129955 	 0  	 0 
 3 	 = 0.129828 	 0  	 0 
 3 	 = 0.129702 	 0  	 0 
 3 	 = 0.129576 	 0  	 0 
 3 	 = 0.12945 	 0  	 0 
 3 	 = 0.129324 	 0  	 0 
 3 	 = 0.129199 	 0  	 0 
 3 	 = 0.129074 	 0  	 0 
 3 	 = 0.128949 	 0  	 0 
 3 	 = 0.128824 	 0  	 0 
 3 	 = 0.1287 	 0  	 0 
 3 	 = 0.128576 	 0  	 0 
 3 	 = 0.128452 	 0  	 0 
 3 	 = 0.128329 	 0  	 0 
 3 	 = 0.128205 	 0  	 0 
 3 	 = 0.128082 	 0  	 0 
 3 	 = 0.127959 	 0  	 0 
 3 	 = 0.127836 	 0  	 0 
 3 	 = 0.127714 	 0  	 0 
 3 	 = 0.127592 	 0  	 0 
 3 	 = 0.12747 	 0.0490909  	 0.598955 
 3 	 = 0.127348 	 0.0481818  	 0.596659 
 3 	 = 0.127226 	 0.048  	 0.594364 
 3 	 = 0.127105 	 0.049  	 0.592068 
 3 	 = 0.126984 	 0.05  	 0.589773 
 4 	 = 0.105263 	 5  	 4.76692 
 4 	 = 0.105152 	 4.9  	 4.66667 
 4 	 = 0.105042 	 4.8  	 4.56643 
 4 	 = 0.104932 	 4.7  	 4.46618 
 4 	 = 0.104822 	 4.6  	 4.36594 
 4 	 = 0.104712 	 4.5  	 4.26569 
 4 	 = 0.104603 	 4.4  	 4.16545 
 4 	 = 0.104493 	 4.3  	 4.0652 
 4 	 = 0.104384 	 4.2  	 3.96496 
 4 	 = 0.104275 	 4.1  	 3.86471 
 4 	 = 0.104167 	 4  	 3.76446 
 4 	 = 0.104058 	 3.9  	 3.66422 
 4 	 = 0.10395 	 3.8  	 3.56397 
 4 	 = 0.103842 	 3.7  	 3.46373 
 4 	 = 0.103734 	 3.6  	 3.36348 
 4 	 = 0.103627 	 3.5  	 3.26324 
 4 	 = 0.10352 	 3.4  	 3.16299 
 4 	 = 0.103413 	 3.3  	 3.06275 
 4 	 = 0.103306 	 3.2  	 2.9625 
 4 	 = 0.103199 	 3.1  	 2.86226 
 4 	 = 0.103093 	 3  	 2.76201 
 4 	 = 0.102987 	 2.9  	 2.66177 
 4 	 = 0.102881 	 2.8  	 2.56152 
 4 	 = 0.102775 	 2.7  	 2.46128 
 4 	 = 0.102669 	 2.6  	 2.36103 
 4 	 = 0.102564 	 2.5  	 2.26078 
 4 	 = 0.102459 	 2.4  	 2.16054 
 4 	 = 0.102354 	 2.3  	 2.06029 
 4 	 = 0.102249 	 2.2  	 1.96005 
 4 	 = 0.102145 	 2.1  	 1.8598 
 4 	 = 0.102041 	 2  	 1.75956 
 4 	 = 0.101937 	 1.9  	 1.65931 
 4 	 = 0.101833 	 1.8  	 1.55907 
 4 	 = 0.101729 	 1.7  	 1.45882 
 4 	 = 0.101626 	 1.6  	 1.35858 
 4 	 = 0.101523 	 1.5  	 1.25833 
 4 	 = 0.10142 	 1.4  	 1.15809 
 4 	 = 0.101317 	 1.3  	 1.05784 
 4 	 = 0.101215 	 1.2  	 0.957595 
 4 	 = 0.101112 	 1.1  	 0.85735 
 4 	 = 0.10101 	 1  	 0.757104 
 4 	 = 0.100908 	 0.9  	 0.703479 
 4 	 = 0.100806 	 0.8  	 0.649854 
 4 	 = 0.100705 	 0.7  	 0.596228 
 4 	 = 0.100604 	 0.6  	 0.542603 
 4 	 = 0.100503 	 0.505051  	 0.488978 
 4 	 = 0.100402 	 0.606061  	 0.435353 
 4 	 = 0.100301 	 0.707071  	 0.381727 
 4 	 = 0.1002 	 0.808081  	 0.328102 
 4 	 = 0.1001 	 0.909091  	 0.274477 
 4 	 = 0.1 	 1.0101  	 0.245349 
 4 	 = 0.0999001 	 1.11111  	 0.345594 
 4 	 = 0.0998004 	 1.21212  	 0.44584 
 4 	 = 0.0997009 	 1.31313  	 0.546085 
 4 	 = 0.0996016 	 1.41414  	 0.646331 
 4 	 = 0.0995025 	 1.51515  	 0.746576 
 4 	 = 0.0994036 	 1.61616  	 0.846821 
 4 	 = 0.0993049 	 1.71717  	 0.947067 
 4 	 = 0.0992063 	 1.81818  	 1.04731 
 4 	 = 0.099108 	 1.91919  	 1.14756 
 4 	 = 0.0990099 	 2.0202  	 1.2478 
 4 	 = 0.098912 	 2.12121  	 1.34805 
 4 	 = 0.0988142 	 2.22222  	 1.44829 
 4 	 = 0.0987167 	 2.32323  	 1.54854 
 4 	 = 0.0986193 	 2.42424  	 1.64878 
 4 	 = 0.0985222 	 2.52525  	 1.74903 
 4 	 = 0.0984252 	 2.62626  	 1.84927 
 4 	 = 0.0983284 	 2.72727  	 1.94952 
 4 	 = 0.0982318 	 2.82828  	 2.04977 
 4 	 = 0.0981354 	 2.92929  	 2.15001 
 4 	 = 0.0980392 	 3.0303  	 2.25026 
 4 	 = 0.0979432 	 3.13131  	 2.3505 
 4 	 = 0.0978474 	 3.23232  	 2.45075 
 4 	 = 0.0977517 	 3.33333  	 2.55099 
 4 	 = 0.0976562 	 3.43434  	 2.65124 
 4 	 = 0.097561 	 3.53535  	 2.75148 
 4 	 = 0.0974659 	 3.63636  	 2.85173 
 4 	 = 0.097371 	 3.73737  	 2.95197 
 4 	 = 0.0972763 	 3.83838  	 3.05222 
 4 	 = 0.0971817 	 3.93939  	 3.15246 
 4 	 = 0.0970874 	 4.0404  	 3.25271 
 4 	 = 0.0969932 	 4.14141  	 3.35295 
 4 	 = 0.0968992 	 4.24242  	 3.4532 
 4 	 = 0.0968054 	 4.34343  	 3.55345 
 4 	 = 0.0967118 	 4.44444  	 3.65369 
 4 	 = 0.0966184 	 4.54545  	 3.75394 
 4 	 = 0.0965251 	 4.64646  	 3.85418 
 4 	 = 0.096432 	 4.74747  	 3.95443 
 4 	 = 0.0963391 	 4.84848  	 4.05467 
 4 	 = 0.0962464 	 4.94949  	 4.15492 
 4 	 = 0.0961538 	 0  	 0 
 4 	 = 0.0960615 	 0  	 0 
 4 	 = 0.0959693 	 0  	 0 
 4 	 = 0.0958773 	 0  	 0 
 4 	 = 0.0957854 	 0  	 0 
 4 	 = 0.0956938 	 0  	 0 
 4 	 = 0.0956023 	 0  	 0 
 4 	 = 0.095511 	 0  	 0 
 4 	 = 0.0954198 	 0  	 0 
 4 	 = 0.0953289 	 0  	 0 
 4 	 = 0.0952381 	 0  	 0 
 5 	 = 0.084122 	 4.9  	 2.86155 
 5 	 = 0.0840336 	 4.8  	 2.85778 
 5 	 = 0.0839454 	 4.7  	 2.854 
 5 	 = 0.0838574 	 4.6  	 2.85023 
 5 	 = 0.0837696 	 4.54817  	 2.84645 
 5 	 = 0.083682 	 4.65764  	 2.84268 
 5 	 = 0.0835946 	 4.76712  	 2.8389 
 5 	 = 0.0835073 	 4.87659  	 2.83513 
 5 	 = 0.0834202 	 4.98607  	 2.83135 
 5 	 = 0.0833333 	 0.04  	 1.07273 
 5 	 = 0.0832466 	 0.0400433  	 1.0853 
 5 	 = 0.0831601 	 0.0411255  	 1.09788 
 5 	 = 0.0830737 	 0.0422078  	 1.11045 
 5 	 = 0.0829876 	 0.04329  	 1.12303 
 5 	 = 0.0829016 	 0.0443723  	 1.13561 
 5 	 = 0.0828157 	 0.0454545  	 1.14818 
 5 	 = 0.0827301 	 0.0465368  	 1.16076 
 5 	 = 0.0826446 	 0.047619  	 1.17333 
 5 	 = 0.0825593 	 0.0487013  	 1.18591 
 5 	 = 0.0824742 	 0.0497835  	 1.19848 
 5 	 = 0.0823893 	 0  	 0 
 5 	 = 0.0823045 	 0  	 0 
 5 	 = 0.0822199 	 0  	 0 
 5 	 = 0.0821355 	 0  	 0 
 5 	 = 0.0820513 	 0  	 0 
 5 	 = 0.0819672 	 0  	 0 
 5 	 = 0.0818833 	 0  	 0 
 5 	 = 0.0817996 	 0  	 0 
 5 	 = 0.081716 	 0  	 0 
 5 	 = 0.0816327 	 0  	 0 
 5 	 = 0.0815494 	 0  	 0 
 5 	 = 0.0814664 	 0  	 0 
 5 	 = 0.0813835 	 0  	 0 
 5 	 = 0.0813008 	 0  	 0 
 5 	 = 0.0812183 	 0  	 0 
 5 	 = 0.0811359 	 0  	 0 
 5 	 = 0.0810537 	 0  	 0 
 5 	 = 0.0809717 	 0  	 0 
 5 	 = 0.0808898 	 0  	 0 
 5 	 = 0.0808081 	 0  	 0 
 5 	 = 0.0807265 	 0  	 0 
 5 	 = 0.0806452 	 0  	 0 
 5 	 = 0.0805639 	 0  	 0 
 5 	 = 0.0804829 	 0  	 0 
 5 	 = 0.080402 	 0  	 0 
 5 	 = 0.0803213 	 0  	 0 
 5 	 = 0.0802407 	 0  	 0 
 5 	 = 0.0801603 	 0  	 0 
 5 	 = 0.0800801 	 0  	 0 
 5 	 = 0.08 	 0  	 0 
 5 	 = 0.0799201 	 0  	 0 
 5 	 = 0.0798403 	 0  	 0 
 5 	 = 0.0797607 	 0  	 0 
 5 	 = 0.0796813 	 0.0492424  	 0.708939 
 5 	 = 0.079602 	 0.0482955  	 0.717614 
 5 	 = 0.0795229 	 0.0479167  	 0.726288 
 5 	 = 0.0794439 	 0.0489583  	 0.734962 
 5 	 = 0.0793651 	 0.0454545  	 0.443636 
 5 	 = 0.0792864 	 0.0445076  	 0.446061 
 5 	 = 0.0792079 	 0.0435606  	 0.448485 
 5 	 = 0.0791296 	 0.0426136  	 0.450909 
 5 	 = 0.0790514 	 0.0416667  	 0.453333 
 5 	 = 0.0789733 	 0.0407197  	 0.455758 
 5 	 = 0.0788955 	 0.0397727  	 0.458182 
 5 	 = 0.0788177 	 0.0388258  	 0.460606 
 5 	 = 0.0787402 	 0.0378788  	 0.46303 
 5 	 = 0.0786627 	 0.0369318  	 0.465455 
 5 	 = 0.0785855 	 0.0359848  	 0.467879 
 5 	 = 0.0785083 	 0.0350379  	 0.470303 
 5 	 = 0.0784314 	 0.0340909  	 0.472727 
 5 	 = 0.0783546 	 0.0331439  	 0.475152 
 5 	 = 0.0782779 	 0.032197  	 0.477576 
 5 	 = 0.0782014 	 0.03125  	 0.48 
 5 	 = 0.078125 	 0.030303  	 0.482424 
 5 	 = 0.0780488 	 0.0293561  	 0.484848 
 5 	 = 0.0779727 	 0.0284091  	 0.487273 
 5 	 = 0.0778968 	 0.0274621  	 0.489697 
 5 	 = 0.077821 	 0.028  	 0.492121 
 5 	 = 0.0777454 	 0.029  	 0.494545 
 5 	 = 0.0776699 	 0.03  	 0.49697 
 5 	 = 0.0775946 	 0.031  	 0.499394 
 5 	 = 0.0775194 	 0.032  	 0.501818 
 5 	 = 0.0774443 	 0.033  	 0.504242 
 5 	 = 0.0773694 	 0.034  	 0.506667 
 5 	 = 0.0772947 	 0.035  	 0.509091 
 5 	 = 0.0772201 	 0.036  	 0.511515 
 5 	 = 0.0771456 	 0.037  	 0.513939 
 5 	 = 0.0770713 	 0.038  	 0.516364 
 5 	 = 0.0769971 	 0.039  	 0.518788 
 5 	 = 0.0769231 	 0.04  	 0.521212 
 5 	 = 0.0768492 	 0.041  	 0.523636 
 5 	 = 0.0767754 	 0.042  	 0.526061 
 5 	 = 0.0767018 	 0.043  	 0.528485 
 5 	 = 0.0766284 	 0.044  	 0.530909 
 5 	 = 0.076555 	 0.045  	 0.533333 
 5 	 = 0.0764818 	 0.046  	 0.535758 
 5 	 = 0.0764088 	 0.047  	 0.538182 
 5 	 = 0.0763359 	 0.048  	 0.540606 
 5 	 = 0.0762631 	 0.049  	 0.54303 
 5 	 = 0.0761905 	 0.0454545  	 0.545455 
 6 	 = 0.0701016 	 4.9  	 3.01201 
 6 	 = 0.070028 	 4.8  	 3.01334 
 6 	 = 0.0699545 	 4.7  	 3.02911 
 6 	 = 0.0698812 	 4.6  	 3.04488 
 6 	 = 0.069808 	 4.5  	 3.06065 
 6 	 = 0.069735 	 4.4  	 3.07642 
 6 	 = 0.0696621 	 4.4  	 3.09219 
 6 	 = 0.0695894 	 4.50909  	 3.10796 
 6 	 = 0.0695169 	 4.1  	 3.06158 
 6 	 = 0.0694444 	 4  	 3.04556 
 6 	 = 0.0693722 	 3.9  	 3.02955 
 6 	 = 0.0693001 	 3.8  	 3.01353 
 6 	 = 0.0692281 	 3.7  	 2.99751 
 6 	 = 0.0691563 	 3.6  	 2.9815 
 6 	 = 0.0690846 	 3.5  	 2.96548 
 6 	 = 0.0690131 	 3.5  	 2.94946 
 6 	 = 0.0689417 	 3.60714  	 2.93345 
 6 	 = 0.0688705 	 3.71429  	 2.91743 
 6 	 = 0.0687994 	 3.82143  	 2.90142 
 6 	 = 0.0687285 	 3.92857  	 2.8854 
 6 	 = 0.0686577 	 4.03571  	 2.86938 
 6 	 = 0.0685871 	 4.14286  	 2.85337 
 6 	 = 0.0685166 	 4.25  	 2.83735 
 6 	 = 0.0684463 	 4.35714  	 2.82134 
 6 	 = 0.0683761 	 4.46429  	 2.80532 
 6 	 = 0.068306 	 4.57143  	 2.7893 
 6 	 = 0.0682361 	 4.67857  	 2.77329 
 6 	 = 0.0681663 	 4.78571  	 2.75727 
 6 	 = 0.0680967 	 4.89286  	 2.74125 
 6 	 = 0.0680272 	 5  	 2.72524 
 6 	 = 0.0679579 	 0.019  	 0.309818 
 6 	 = 0.0678887 	 0.018  	 0.288727 
 6 	 = 0.0678196 	 0.017  	 0.267636 
 6 	 = 0.0677507 	 0.016  	 0.246545 
 6 	 = 0.0676819 	 0.015  	 0.225455 
 6 	 = 0.0676133 	 0.014  	 0.204364 
 6 	 = 0.0675447 	 0.013  	 0.183273 
 6 	 = 0.0674764 	 0.012  	 0.162182 
 6 	 = 0.0674082 	 0.011  	 0.141091 
 6 	 = 0.0673401 	 0.01  	 0.12 
 6 	 = 0.0672721 	 0.009  	 0.117091 
 6 	 = 0.0672043 	 0.008  	 0.114182 
 6 	 = 0.0671366 	 0.007  	 0.111273 
 6 	 = 0.0670691 	 0.006  	 0.108364 
 6 	 = 0.0670017 	 0.00505051  	 0.105455 
 6 	 = 0.0669344 	 0.00606061  	 0.102545 
 6 	 = 0.0668673 	 0.00707071  	 0.0996364 
 6 	 = 0.0668003 	 0.00808081  	 0.0967273 
 6 	 = 0.0667334 	 0.00909091  	 0.0938182 
 6 	 = 0.0666667 	 0.010101  	 0.0909091 
 6 	 = 0.0666001 	 0.0111111  	 0.112 
 6 	 = 0.0665336 	 0.0121212  	 0.133091 
 6 	 = 0.0664673 	 0.0131313  	 0.154182 
 6 	 = 0.0664011 	 0.0141414  	 0.175273 
 6 	 = 0.066335 	 0.0151515  	 0.196364 
 6 	 = 0.0662691 	 0.0161616  	 0.217455 
 6 	 = 0.0662032 	 0.0171717  	 0.238545 
 6 	 = 0.0661376 	 0.0181818  	 0.259636 
 6 	 = 0.066072 	 0.0191919  	 0.280727 
 6 	 = 0.0660066 	 0.020202  	 0.301818 
 6 	 = 0.0659413 	 0.0212121  	 0.322909 
 6 	 = 0.0658762 	 0.0222222  	 0.344 
 6 	 = 0.0658111 	 0.0232323  	 0.365091 
 6 	 = 0.0657462 	 4.9375  	 2.92834 
 6 	 = 0.0656814 	 4.84375  	 2.94356 
 6 	 = 0.0656168 	 4.75  	 2.95878 
 6 	 = 0.0655523 	 4.65625  	 2.97399 
 6 	 = 0.0654879 	 4.5625  	 2.98921 
 6 	 = 0.0654236 	 4.46875  	 3.00442 
 6 	 = 0.0653595 	 4.375  	 3.01964 
 6 	 = 0.0652955 	 4.28125  	 3.03485 
 6 	 = 0.0652316 	 4.1875  	 3.05007 
 6 	 = 0.0651678 	 4.09375  	 3.06528 
 6 	 = 0.0651042 	 4  	 3.0805 
 6 	 = 0.0650407 	 3.90625  	 3.09571 
 6 	 = 0.0649773 	 3.8125  	 3.11093 
 6 	 = 0.064914 	 3.73737  	 3.12614 
 6 	 = 0.0648508 	 3.83838  	 3.14136 
 6 	 = 0.0647878 	 3.93939  	 3.15657 
 6 	 = 0.0647249 	 4.0404  	 3.17179 
 6 	 = 0.0646621 	 4.14141  	 3.18701 
 6 	 = 0.0645995 	 4.24242  	 3.20222 
 6 	 = 0.0645369 	 4.34343  	 3.21744 
 6 	 = 0.0644745 	 4.44444  	 3.23265 
 6 	 = 0.0644122 	 4.54545  	 3.24787 
 6 	 = 0.0643501 	 4.64646  	 3.26308 
 6 	 = 0.064288 	 4.74747  	 3.2783 
 6 	 = 0.0642261 	 4.84848  	 3.29351 
 6 	 = 0.0641643 	 4.94949  	 3.30873 
 6 	 = 0.0641026 	 0  	 0 
 6 	 = 0.064041 	 0  	 0 
 6 	 = 0.0639795 	 0  	 0 
 6 	 = 0.0639182 	 0  	 0 
 6 	 = 0.063857 	 0  	 0 
 6 	 = 0.0637959 	 0  	 0 
 6 	 = 0.0637349 	 4.90909  	 3.12268 
 6 	 = 0.063674 	 4.81818  	 3.07306 
 6 	 = 0.0636132 	 4.8  	 3.04032 
 6 	 = 0.0635526 	 4.9  	 3.00758 
 6 	 = 0.0634921 	 5  	 2.97485 
 7 	 = 0.0601504 	 0.0390625  	 0.713258 
 7 	 = 0.0600871 	 4.9  	 2.49724 
 7 	 = 0.060024 	 4.8  	 2.5341 
 7 	 = 0.059961 	 4.7  	 2.58608 
 7 	 = 0.0598982 	 4.6  	 2.64736 
 7 	 = 0.0598355 	 4.5  	 2.70864 
 7 	 = 0.0597729 	 4.5625  	 2.76992 
 7 	 = 0.0597104 	 4.67188  	 2.8312 
 7 	 = 0.0596481 	 4.78125  	 2.89248 
 7 	 = 0.0595859 	 4.89063  	 2.95376 
 7 	 = 0.0595238 	 0.0338462  	 0.621818 
 7 	 = 0.0594619 	 0.0349231  	 0.646424 
 7 	 = 0.0594001 	 0.036  	 0.67103 
 7 	 = 0.0593384 	 0.0370769  	 0.695636 
 7 	 = 0.0592768 	 0.0381538  	 0.720242 
 7 	 = 0.0592154 	 0.035  	 0.724848 
 7 	 = 0.0591541 	 0.034  	 0.721455 
 7 	 = 0.0590929 	 0.033  	 0.718061 
 7 	 = 0.0590319 	 0.032  	 0.714667 
 7 	 = 0.058971 	 0.031  	 0.711273 
 7 	 = 0.0589102 	 0.03  	 0.707879 
 7 	 = 0.0588495 	 0.0298485  	 0.704485 
 7 	 = 0.0587889 	 0.0309091  	 0.701091 
 7 	 = 0.0587285 	 0.0319697  	 0.697697 
 7 	 = 0.0586682 	 0.0330303  	 0.694303 
 7 	 = 0.0586081 	 0.0340909  	 0.690909 
 7 	 = 0.058548 	 0.0351515  	 0.687515 
 7 	 = 0.0584881 	 0.0362121  	 0.684121 
 7 	 = 0.0584283 	 4.91667  	 3.12506 
 7 	 = 0.0583686 	 4.81944  	 3.10231 
 7 	 = 0.058309 	 4.72222  	 3.09867 
 7 	 = 0.0582496 	 4.625  	 3.09503 
 7 	 = 0.0581903 	 4.52778  	 3.09139 
 7 	 = 0.0581311 	 4.43056  	 3.08775 
 7 	 = 0.058072 	 4.36364  	 3.08411 
 7 	 = 0.0580131 	 4.4697  	 3.08047 
 7 	 = 0.0579542 	 4.57576  	 3.07682 
 7 	 = 0.0578955 	 4.68182  	 3.07318 
 7 	 = 0.0578369 	 4.78788  	 3.06954 
 7 	 = 0.0577784 	 4.89394  	 3.0659 
 7 	 = 0.0577201 	 4.54545  	 2.99569 
 7 	 = 0.0576618 	 4.44904  	 2.94602 
 7 	 = 0.0576037 	 4.35262  	 2.89634 
 7 	 = 0.0575457 	 4.265  	 2.84667 
 7 	 = 0.0574878 	 4.37  	 2.79699 
 7 	 = 0.05743 	 4.475  	 2.74732 
 7 	 = 0.0573723 	 4.58  	 2.69764 
 7 	 = 0.0573148 	 4.685  	 2.64797 
 7 	 = 0.0572574 	 4.79  	 2.59829 
 7 	 = 0.0572001 	 4.895  	 2.54862 
 7 	 = 0.0571429 	 4.54545  	 2.47207 
 7 	 = 0.0570858 	 4.45  	 2.44551 
 7 	 = 0.0570288 	 4.35455  	 2.41895 
 7 	 = 0.0569719 	 4.25909  	 2.39239 
 7 	 = 0.0569152 	 4.16364  	 2.36583 
 7 	 = 0.0568586 	 4.06818  	 2.33927 
 7 	 = 0.056802 	 3.97273  	 2.31271 
 7 	 = 0.0567456 	 3.87727  	 2.28615 
 7 	 = 0.0566893 	 3.78182  	 2.25959 
 7 	 = 0.0566332 	 3.68636  	 2.23303 
 7 	 = 0.0565771 	 3.59091  	 2.20647 
 7 	 = 0.0565211 	 3.49545  	 2.17991 
 7 	 = 0.0564653 	 3.40234  	 2.15335 
 7 	 = 0.0564095 	 3.50451  	 2.12679 
 7 	 = 0.0563539 	 3.60669  	 2.10023 
 7 	 = 0.0562984 	 3.70886  	 2.07367 
 7 	 = 0.056243 	 3.81104  	 2.04711 
 7 	 = 0.0561877 	 3.91322  	 2.02055 
 7 	 = 0.0561325 	 4.01539  	 1.99399 
 7 	 = 0.0560774 	 4.11757  	 1.96743 
 7 	 = 0.0560224 	 3.79716  	 1.90667 
 7 	 = 0.0559675 	 3.70284  	 1.8543 
 7 	 = 0.0559128 	 3.60853  	 1.80194 
 7 	 = 0.0558581 	 3.51421  	 1.74957 
 7 	 = 0.0558036 	 3.41989  	 1.69721 
 7 	 = 0.0557491 	 3.32558  	 1.64484 
 7 	 = 0.0556948 	 3.23126  	 1.59248 
 7 	 = 0.0556406 	 3.13694  	 1.54011 
 7 	 = 0.0555864 	 3.04263  	 1.48775 
 7 	 = 0.0555324 	 2.94831  	 1.45932 
 7 	 = 0.0554785 	 3  	 1.4628 
 7 	 = 0.0554247 	 3.1  	 1.46629 
 7 	 = 0.055371 	 3.2  	 1.46977 
 7 	 = 0.0553174 	 3.3  	 1.47326 
 7 	 = 0.0552639 	 3.4  	 1.47675 
 7 	 = 0.0552105 	 3.5  	 1.48023 
 7 	 = 0.0551572 	 3.6  	 1.45968 
 7 	 = 0.055104 	 3.7  	 1.43365 
 7 	 = 0.0550509 	 3.8  	 1.44591 
 7 	 = 0.0549979 	 3.9  	 1.46454 
 7 	 = 0.0549451 	 4  	 1.48317 
 7 	 = 0.0548923 	 4.1  	 1.5018 
 7 	 = 0.0548396 	 4.2  	 1.52044 
 7 	 = 0.054787 	 4.3  	 1.53907 
 7 	 = 0.0547345 	 4.4  	 1.5577 
 7 	 = 0.0546822 	 4.5  	 1.57634 
 7 	 = 0.0546299 	 4.6  	 1.59497 
 7 	 = 0.0545777 	 4.7  	 1.6136 
 7 	 = 0.0545256 	 4.8  	 1.64065 
 7 	 = 0.0544736 	 4.9  	 1.68139 
 7 	 = 0.0544218 	 5  	 1.72213 
 8 	 = 0.0526316 	 5  	 3.74436 
 8 	 = 0.0525762 	 4.9  	 3.72433 
 8 	 = 0.052521 	 4.8  	 3.7043 
 8 	 = 0.0524659 	 4.7  	 3.68427 
 8 	 = 0.0524109 	 4.6  	 3.66424 
 8 	 = 0.052356 	 4.5  	 3.64421 
 8 	 = 0.0523013 	 4.4  	 3.62418 
 8 	 = 0.0522466 	 4.4  	 3.60415 
 8 	 = 0.0521921 	 4.50909  	 3.58412 
 8 	 = 0.0521376 	 4.1  	 3.51346 
 8 	 = 0.0520833 	 4  	 3.4701 
 8 	 = 0.0520291 	 3.9  	 3.42674 
 8 	 = 0.0519751 	 3.8  	 3.38338 
 8 	 = 0.0519211 	 3.80206  	 3.34001 
 8 	 = 0.0518672 	 3.6  	 3.24857 
 8 	 = 0.0518135 	 3.5  	 3.17842 
 8 	 = 0.0517598 	 3.4  	 3.10826 
 8 	 = 0.0517063 	 3.3  	 3.03811 
 8 	 = 0.0516529 	 3.25333  	 2.96796 
 8 	 = 0.0515996 	 3.1  	 2.86226 
 8 	 = 0.0515464 	 3  	 2.76201 
 8 	 = 0.0514933 	 2.9  	 2.66177 
 8 	 = 0.0514403 	 2.8  	 2.56152 
 8 	 = 0.0513875 	 2.7  	 2.46128 
 8 	 = 0.0513347 	 2.6  	 2.36103 
 8 	 = 0.0512821 	 2.5  	 2.26078 
 8 	 = 0.0512295 	 2.4  	 2.16054 
 8 	 = 0.0511771 	 2.3  	 2.06029 
 8 	 = 0.0511247 	 2.2  	 1.96005 
 8 	 = 0.0510725 	 2.1  	 1.8598 
 8 	 = 0.0510204 	 2  	 1.75956 
 8 	 = 0.0509684 	 1.9  	 1.65931 
 8 	 = 0.0509165 	 1.8  	 1.55907 
 8 	 = 0.0508647 	 1.7  	 1.45882 
 8 	 = 0.050813 	 1.6  	 1.35858 
 8 	 = 0.0507614 	 1.5  	 1.25833 
 8 	 = 0.0507099 	 1.4  	 1.15809 
 8 	 = 0.0506586 	 1.3  	 1.05784 
 8 	 = 0.0506073 	 1.2  	 0.957595 
 8 	 = 0.0505561 	 1.1  	 0.85735 
 8 	 = 0.0505051 	 1  	 0.757104 
 8 	 = 0.0504541 	 0.9  	 0.703479 
 8 	 = 0.0504032 	 0.8  	 0.649854 
 8 	 = 0.0503525 	 0.7  	 0.596228 
 8 	 = 0.0503018 	 0.6  	 0.542603 
 8 	 = 0.0502513 	 0.505051  	 0.488978 
 8 	 = 0.0502008 	 0.606061  	 0.435353 
 8 	 = 0.0501505 	 0.707071  	 0.381727 
 8 	 = 0.0501002 	 0.808081  	 0.328102 
 8 	 = 0.0500501 	 0.909091  	 0.274477 
 8 	 = 0.05 	 1.0101  	 0.245349 
 8 	 = 0.04995 	 1.11111  	 0.345594 
 8 	 = 0.0499002 	 1.21212  	 0.44584 
 8 	 = 0.0498504 	 1.31313  	 0.546085 
 8 	 = 0.0498008 	 1.41414  	 0.646331 
 8 	 = 0.0497512 	 1.51515  	 0.746576 
 8 	 = 0.0497018 	 1.61616  	 0.846821 
 8 	 = 0.0496524 	 1.71717  	 0.947067 
 8 	 = 0.0496032 	 1.81818  	 1.04731 
 8 	 = 0.049554 	 1.91919  	 1.14756 
 8 	 = 0.049505 	 2.0202  	 1.2478 
 8 	 = 0.049456 	 2.12121  	 1.34805 
 8 	 = 0.0494071 	 2.22222  	 1.44829 
 8 	 = 0.0493583 	 2.32323  	 1.54854 
 8 	 = 0.0493097 	 2.42424  	 1.64878 
 8 	 = 0.0492611 	 2.52525  	 1.74903 
 8 	 = 0.0492126 	 2.62626  	 1.84927 
 8 	 = 0.0491642 	 2.72727  	 1.94952 
 8 	 = 0.0491159 	 2.82828  	 2.04977 
 8 	 = 0.0490677 	 2.92929  	 2.15001 
 8 	 = 0.0490196 	 3.0303  	 2.25026 
 8 	 = 0.0489716 	 3.13131  	 2.3505 
 8 	 = 0.0489237 	 3.23232  	 2.45075 
 8 	 = 0.0488759 	 3.33333  	 2.55099 
 8 	 = 0.0488281 	 3.43434  	 2.65124 
 8 	 = 0.0487805 	 3.53535  	 2.75148 
 8 	 = 0.0487329 	 3.63636  	 2.85173 
 8 	 = 0.0486855 	 3.73737  	 2.95197 
 8 	 = 0.0486381 	 3.83838  	 3.05222 
 8 	 = 0.0485909 	 3.93939  	 3.15246 
 8 	 = 0.0485437 	 4.0404  	 3.25271 
 8 	 = 0.0484966 	 4.14141  	 3.35295 
 8 	 = 0.0484496 	 3.77622  	 3.29997 
 8 	 = 0.0484027 	 3.68298  	 3.32218 
 8 	 = 0.0483559 	 3.58974  	 3.3444 
 8 	 = 0.0483092 	 3.5  	 3.32954 
 8 	 = 0.0482625 	 3.6  	 3.3256 
 8 	 = 0.048216 	 3.7  	 3.32166 
 8 	 = 0.0481696 	 3.8  	 3.31772 
 8 	 = 0.0481232 	 3.9  	 3.31378 
 8 	 = 0.0480769 	 4  	 3.30984 
 8 	 = 0.0480307 	 4.1  	 3.3059 
 8 	 = 0.0479846 	 4.2  	 3.26433 
 8 	 = 0.0479386 	 4.3  	 3.23841 
 8 	 = 0.0478927 	 4.4  	 3.21249 
 8 	 = 0.0478469 	 4.5  	 3.18656 
 8 	 = 0.0478011 	 4.6  	 3.16064 
 8 	 = 0.0477555 	 4.7  	 3.13472 
 8 	 = 0.0477099 	 4.8  	 3.1088 
 8 	 = 0.0476644 	 4.9  	 3.08288 
 8 	 = 0.047619 	 0.0454545  	 1.37273 
 9 	 = 0.0467836 	 0.0284091  	 0.632955 
 9 	 = 0.0467344 	 4.9  	 1.50089 
 9 	 = 0.0466853 	 4.8  	 1.44248 
 9 	 = 0.0466364 	 4.7  	 1.39845 
 9 	 = 0.0465875 	 4.6  	 1.3866 
 9 	 = 0.0465387 	 4.5  	 1.39083 
 9 	 = 0.04649 	 4.4  	 1.39507 
 9 	 = 0.0464414 	 4.3  	 1.39931 
 9 	 = 0.0463929 	 4.2  	 1.40354 
 9 	 = 0.0463446 	 4.1  	 1.40778 
 9 	 = 0.0462963 	 4  	 1.41201 
 9 	 = 0.0462481 	 3.9  	 1.41625 
 9 	 = 0.0462 	 3.8  	 1.42049 
 9 	 = 0.0461521 	 3.7  	 1.42561 
 9 	 = 0.0461042 	 3.6  	 1.45374 
 9 	 = 0.0460564 	 3.5  	 1.48187 
 9 	 = 0.0460087 	 3.4  	 1.51 
 9 	 = 0.0459612 	 3.3  	 1.53813 
 9 	 = 0.0459137 	 3.2  	 1.56626 
 9 	 = 0.0458663 	 3.1  	 1.59439 
 9 	 = 0.045819 	 3  	 1.62252 
 9 	 = 0.0457718 	 2.9  	 1.65065 
 9 	 = 0.0457247 	 2.91765  	 1.67878 
 9 	 = 0.0456777 	 2.7  	 1.66738 
 9 	 = 0.0456308 	 2.6  	 1.66368 
 9 	 = 0.045584 	 2.5  	 1.65998 
 9 	 = 0.0455373 	 2.57325  	 1.65629 
 9 	 = 0.0454907 	 2.67834  	 1.65259 
 9 	 = 0.0454442 	 2.78344  	 1.66206 
 9 	 = 0.0453978 	 2.88854  	 1.71757 
 9 	 = 0.0453515 	 2.99363  	 1.77309 
 9 	 = 0.0453052 	 3.09873  	 1.8286 
 9 	 = 0.0452591 	 3.20382  	 1.88412 
 9 	 = 0.0452131 	 3.30892  	 1.93963 
 9 	 = 0.0451671 	 3.21678  	 1.95675 
 9 	 = 0.0451213 	 3.32168  	 1.98437 
 9 	 = 0.0450755 	 3.42657  	 2.01198 
 9 	 = 0.0450298 	 3.53147  	 2.0396 
 9 	 = 0.0449843 	 3.63636  	 2.06721 
 9 	 = 0.0449388 	 3.74126  	 2.09483 
 9 	 = 0.0448934 	 3.57143  	 2.08616 
 9 	 = 0.0448481 	 3.47403  	 2.06669 
 9 	 = 0.0448029 	 3.37662  	 2.04721 
 9 	 = 0.0447577 	 3.27922  	 2.02774 
 9 	 = 0.0447127 	 3.22308  	 2.00826 
 9 	 = 0.0446678 	 3.32692  	 1.98878 
 9 	 = 0.0446229 	 3.43077  	 1.96931 
 9 	 = 0.0445782 	 3.53462  	 1.94983 
 9 	 = 0.0445335 	 3.63846  	 1.93036 
 9 	 = 0.0444889 	 3.74231  	 1.91088 
 9 	 = 0.0444444 	 3.57143  	 1.87537 
 9 	 = 0.0444 	 3.475  	 1.87894 
 9 	 = 0.0443557 	 3.37857  	 1.88251 
 9 	 = 0.0443115 	 3.28214  	 1.88609 
 9 	 = 0.0442674 	 3.18571  	 1.88966 
 9 	 = 0.0442233 	 3.08929  	 1.89323 
 9 	 = 0.0441794 	 2.99286  	 1.8968 
 9 	 = 0.0441355 	 2.98864  	 1.90037 
 9 	 = 0.0440917 	 3.09091  	 1.90394 
 9 	 = 0.044048 	 3.19318  	 1.90751 
 9 	 = 0.0440044 	 3.29545  	 1.91108 
 9 	 = 0.0439609 	 3.39773  	 1.91465 
 9 	 = 0.0439174 	 3.5  	 1.91822 
 9 	 = 0.0438741 	 3.60227  	 1.92179 
 9 	 = 0.0438308 	 3.70455  	 1.92536 
 9 	 = 0.0437876 	 3.80682  	 1.93028 
 9 	 = 0.0437445 	 3.90909  	 1.96057 
 9 	 = 0.0437015 	 4.01136  	 1.99086 
 9 	 = 0.0436586 	 4.11364  	 2.02115 
 9 	 = 0.0436157 	 4.21591  	 2.05144 
 9 	 = 0.043573 	 4.31818  	 2.08173 
 9 	 = 0.0435303 	 4.42045  	 2.11201 
 9 	 = 0.0434877 	 4.52273  	 2.1423 
 9 	 = 0.0434452 	 4.09375  	 2.07534 
 9 	 = 0.0434028 	 4  	 2.04909 
 9 	 = 0.0433604 	 3.90625  	 2.02285 
 9 	 = 0.0433182 	 3.8125  	 1.9966 
 9 	 = 0.043276 	 3.71875  	 1.98538 
 9 	 = 0.0432339 	 3.625  	 1.98123 
 9 	 = 0.0431919 	 3.53125  	 1.9704 
 9 	 = 0.0431499 	 3.4375  	 1.95957 
 9 	 = 0.0431081 	 3.34375  	 1.94874 
 9 	 = 0.0430663 	 3.25  	 1.93791 
 9 	 = 0.0430246 	 3.3  	 1.92707 
 9 	 = 0.042983 	 3.4  	 1.91624 
 9 	 = 0.0429415 	 3.5  	 1.90541 
 9 	 = 0.0429 	 3.6  	 1.89458 
 9 	 = 0.0428587 	 3.7  	 1.88375 
 9 	 = 0.0428174 	 3.8  	 1.89424 
 9 	 = 0.0427762 	 3.9  	 1.90554 
 9 	 = 0.042735 	 4  	 1.91684 
 9 	 = 0.042694 	 4.1  	 1.92814 
 9 	 = 0.042653 	 4.2  	 1.93944 
 9 	 = 0.0426121 	 4.3  	 1.95074 
 9 	 = 0.0425713 	 4.4  	 1.96204 
 9 	 = 0.0425306 	 4.5  	 1.97334 
 9 	 = 0.0424899 	 4.6  	 1.98464 
 9 	 = 0.0424493 	 4.7  	 1.97117 
 9 	 = 0.0424088 	 4.8  	 1.95675 
 9 	 = 0.0423684 	 4.9  	 1.94232 
 9 	 = 0.042328 	 0.0227273  	 0.780682 
 10 	 = 0.042061 	 4.9  	 1.8331 
 10 	 = 0.0420168 	 4.8  	 1.83333 
 10 	 = 0.0419727 	 4.7  	 1.83356 
 10 	 = 0.0419287 	 4.6  	 1.83379 
 10 	 = 0.0418848 	 4.5  	 1.83402 
 10 	 = 0.041841 	 4.4  	 1.83425 
 10 	 = 0.0417973 	 4.3  	 1.80537 
 10 	 = 0.0417537 	 4.2  	 1.75749 
 10 	 = 0.0417101 	 4.1  	 1.70962 
 10 	 = 0.0416667 	 4  	 1.66175 
 10 	 = 0.0416233 	 3.9  	 1.6734 
 10 	 = 0.04158 	 3.8  	 1.68505 
 10 	 = 0.0415369 	 3.7  	 1.6967 
 10 	 = 0.0414938 	 3.6  	 1.70836 
 10 	 = 0.0414508 	 3.5  	 1.72001 
 10 	 = 0.0414079 	 3.5  	 1.73166 
 10 	 = 0.041365 	 3.3  	 1.72171 
 10 	 = 0.0413223 	 3.2  	 1.70965 
 10 	 = 0.0412797 	 3.1  	 1.69759 
 10 	 = 0.0412371 	 3  	 1.68552 
 10 	 = 0.0411946 	 2.9  	 1.686 
 10 	 = 0.0411523 	 2.8  	 1.70152 
 10 	 = 0.04111 	 2.7  	 1.71704 
 10 	 = 0.0410678 	 2.6  	 1.73257 
 10 	 = 0.0410256 	 2.5  	 1.73443 
 10 	 = 0.0409836 	 2.4  	 1.71858 
 10 	 = 0.0409417 	 2.3  	 1.70273 
 10 	 = 0.0408998 	 2.2  	 1.68688 
 10 	 = 0.040858 	 2.1  	 1.67103 
 10 	 = 0.0408163 	 2.08333  	 1.65518 
 10 	 = 0.0407747 	 2.1875  	 1.63933 
 10 	 = 0.0407332 	 2.29167  	 1.62349 
 10 	 = 0.0406918 	 2.39583  	 1.60764 
 10 	 = 0.0406504 	 2.5  	 1.59179 
 10 	 = 0.0406091 	 2.60417  	 1.57594 
 10 	 = 0.040568 	 2.70833  	 1.56009 
 10 	 = 0.0405268 	 2.8125  	 1.54424 
 10 	 = 0.0404858 	 2.91667  	 1.52839 
 10 	 = 0.0404449 	 3.02083  	 1.51254 
 10 	 = 0.040404 	 3.125  	 1.49669 
 10 	 = 0.0403633 	 3.22917  	 1.52819 
 10 	 = 0.0403226 	 3.33333  	 1.55969 
 10 	 = 0.040282 	 3.4375  	 1.59119 
 10 	 = 0.0402414 	 3.54167  	 1.62269 
 10 	 = 0.040201 	 3.64583  	 1.65419 
 10 	 = 0.0401606 	 3.75  	 1.68569 
 10 	 = 0.0401204 	 3.85417  	 1.71719 
 10 	 = 0.0400802 	 3.95833  	 1.74868 
 10 	 = 0.04004 	 4.0625  	 1.78018 
 10 	 = 0.04 	 3.84615  	 1.73266 
 10 	 = 0.03996 	 3.75  	 1.74803 
 10 	 = 0.0399202 	 3.65385  	 1.76339 
 10 	 = 0.0398804 	 3.55769  	 1.77876 
 10 	 = 0.0398406 	 3.46154  	 1.79413 
 10 	 = 0.039801 	 3.36538  	 1.8095 
 10 	 = 0.0397614 	 3.26923  	 1.82487 
 10 	 = 0.0397219 	 3.17308  	 1.84024 
 10 	 = 0.0396825 	 3.07692  	 1.85561 
 10 	 = 0.0396432 	 2.98077  	 1.87098 
 10 	 = 0.039604 	 2.88462  	 1.88635 
 10 	 = 0.0395648 	 2.78846  	 1.90172 
 10 	 = 0.0395257 	 2.69231  	 1.91708 
 10 	 = 0.0394867 	 2.59615  	 1.93245 
 10 	 = 0.0394477 	 2.5  	 1.94782 
 10 	 = 0.0394089 	 2.52525  	 1.96319 
 10 	 = 0.0393701 	 2.62626  	 1.97856 
 10 	 = 0.0393314 	 2.72727  	 1.99393 
 10 	 = 0.0392927 	 2.82828  	 2.0093 
 10 	 = 0.0392542 	 2.92929  	 2.02467 
 10 	 = 0.0392157 	 3.0303  	 2.04004 
 10 	 = 0.0391773 	 3.13131  	 2.05541 
 10 	 = 0.0391389 	 3.23232  	 2.07078 
 10 	 = 0.0391007 	 3.125  	 2.05501 
 10 	 = 0.0390625 	 3.0303  	 2.02492 
 10 	 = 0.0390244 	 2.93561  	 1.98005 
 10 	 = 0.0389864 	 2.84091  	 1.92056 
 10 	 = 0.0389484 	 2.74621  	 1.86106 
 10 	 = 0.0389105 	 2.8  	 1.811 
 10 	 = 0.0388727 	 2.9  	 1.77746 
 10 	 = 0.038835 	 3  	 1.74391 
 10 	 = 0.0387973 	 3.1  	 1.71037 
 10 	 = 0.0387597 	 3.2  	 1.67682 
 10 	 = 0.0387222 	 3.3  	 1.64327 
 10 	 = 0.0386847 	 3.4  	 1.58319 
 10 	 = 0.0386473 	 3.5  	 1.52783 
 10 	 = 0.03861 	 3.6  	 1.47247 
 10 	 = 0.0385728 	 3.7  	 1.41711 
 10 	 = 0.0385356 	 3.8  	 1.36175 
 10 	 = 0.0384986 	 3.9  	 1.30639 
 10 	 = 0.0384615 	 4  	 1.25104 
 10 	 = 0.0384246 	 4.1  	 1.25082 
 10 	 = 0.0383877 	 4.2  	 1.25061 
 10 	 = 0.0383509 	 4.3  	 1.2504 
 10 	 = 0.0383142 	 4.4  	 1.25019 
 10 	 = 0.0382775 	 4.5  	 1.24998 
 10 	 = 0.0382409 	 4.6  	 1.24977 
 10 	 = 0.0382044 	 4.7  	 1.24956 
 10 	 = 0.0381679 	 4.8  	 1.24935 
 10 	 = 0.0381316 	 4.9  	 1.24914 
 10 	 = 0.0380952 	 4.54545  	 1.23981 
