	-- SNAPSHOT OF MODEL start_up
	-- DATE & TIME: 2019:03:11:21:35:37
ABS_ERROR = 9.9999999999999995e-007
CINT = 0.125
CODE_ERROR = 0
CODE_ESI = "0"
CODE_STATUS = INTEG_END
IMETHOD = RK4
INIT_INTEG_STEP = -1
LIQHAMMER_ST.CavitationFlag = TRUE
LIQHAMMER_ST.EPS_FRIC = 0.81000000000000005
LIQHAMMER_ST.Hatm = 10.350426089645707
LIQHAMMER_ST.Hvap = 0.2389691662237253
LIQHAMMER_ST.MOC_init = FALSE
LIQHAMMER_ST.TIME_sample = 50
LIQHAMMER_ST.TransientFriction = TRUE
LIQHAMMER_ST.cpu_awh_end_nodes = 0
LIQHAMMER_ST.cpu_moc_end_nodes = 0.01100000000000001
LIQHAMMER_ST.cpu_moc_inner_nodes = 0.0060000000000000053
LIQHAMMER_ST.dt = 0.125
LIQHAMMER_ST.istep = 400
LIQHAMMER_ST.k_cint = 1
LIQHAMMER_ST.ncall_awh_end_nodes = 0
LIQHAMMER_ST.ncall_moc_end_nodes = 5604
LIQHAMMER_ST.ncall_moc_inner_nodes = 800
LIQHAMMER_ST.npipe = 2
LIQHAMMER_ST.rho = 998	(kg/m3)
LIQHAMMER_ST.sample = FALSE
LIQHAMMER_ST.visc = 0.01	(N s/m2)
MAXBROYDEN = 60
MAXFEVAL = 40000
MAXITER = 10000
MAXJACEVAL = 60
MAX_ATTEMPTS_TO_CONVERGE = 500
MAX_INTEG_STEP = -1
NL_DX_ABS = 1.4999999999999999e-008
NL_DX_REL = 1.4999999999999999e-008
NL_STEP_ABS = 1.7976931348623157e+308
NL_STEP_REL = 1.7976931348623157e+308
NSTEPS = 1
REL_ERROR = 9.9999999999999995e-007
REPORT_MODE = IS_CINT
SMETHOD = NR
TIME = 50
TOLERANCE = 9.9999999999999995e-007
TOLTYPE = RELTOL
TSTOP = 50
nr_valve.A = 0.20000000000000001	(m2)
nr_valve.f_in.H = 1.2300388112558158	(m)
nr_valve.f_in.Q = 1.3470333578810138e-029	(m3/s)
nr_valve.f_in.z = 0	(m)
nr_valve.f_out.H = 52.164065756562792	(m)
nr_valve.f_out.Q = 1.3470333578810138e-029	(m3/s)
nr_valve.f_out.z = 0	(m)
nr_valve.k_loss = 1	(-)
nr_valve.z = 0	(m)
pipe1.A = 0.44178646640625002	(m2)
pipe1.B = 207.73488132074479	(s-3)
pipe1.Bm1 = 214.90098202417056	(s/m2)
pipe1.Bpn = 214.90098202417056	(s/m2)
pipe1.Cm1 = 52.164065756562792	(m)
pipe1.Cpn = 59.557342375830899	(m)
pipe1.Cr = 1	(-)
pipe1.Ho = 59	(m)
pipe1.P_max = 0.82980065505023959	(MPa)
pipe1.P_min = 0.25642064299787148	(MPa)
pipe1.Qo = 0	(m3/s)
pipe1.R = 0.39184632003062098	(s2/m5)
pipe1.a = 900	(m/s)
pipe1.actual_method = MOC
pipe1.dia = 0.75	(m)
pipe1.f = 0.01	(-)
pipe1.f_in.H = 52.164065756562792	(m)
pipe1.f_in.Q = 1.3470333578810138e-029	(m3/s)
pipe1.f_in.z = 0	(m)
pipe1.f_out.H = 54.004167264562035	(m)
pipe1.f_out.Q = 0.025840622313416328	(m3/s)
pipe1.f_out.z = 0	(m)
pipe1.i = 0
pipe1.ipipe = 1
pipe1.l = 450	(m)
pipe1.m_interp = WaveSpeedAdjustment
pipe1.method = Global
pipe1.nr = 4
pipe1.nst = 5
pipe1.w[1] = 1
pipe1.w[2] = 0
pipe1.w[3] = 0
pipe1.w[4] = 0
pipe1.zp = 0
pipe2.A = 0.44178646640625002	(m2)
pipe2.B = 253.89818828091029	(s-3)
pipe2.Bm1 = 262.65675580731954	(s/m2)
pipe2.Bpn = 262.65675580731954	(s/m2)
pipe2.Cm1 = 47.216953239677871	(m)
pipe2.Cpn = 66.574449028144528	(m)
pipe2.Cr = 1	(-)
pipe2.Ho = 59	(m)
pipe2.P_max = 0.78141021674421918	(MPa)
pipe2.P_min = 0.3835164515483459	(MPa)
pipe2.Qo = 0	(m3/s)
pipe2.R = 0.57470793604491077	(s2/m5)
pipe2.a = 1100	(m/s)
pipe2.actual_method = MOC
pipe2.dia = 0.75	(m)
pipe2.f = 0.012	(-)
pipe2.f_in.H = 54.004167264562035	(m)
pipe2.f_in.Q = 0.025840622313416328	(m3/s)
pipe2.f_in.z = 0	(m)
pipe2.f_out.H = 59	(m)
pipe2.f_out.Q = 0.028837822978751069	(m3/s)
pipe2.f_out.z = 0	(m)
pipe2.i = 0
pipe2.ipipe = 2
pipe2.l = 550	(m)
pipe2.m_interp = WaveSpeedAdjustment
pipe2.method = Global
pipe2.nr = 4
pipe2.nst = 5
pipe2.w[1] = 1
pipe2.w[2] = 0
pipe2.w[3] = 0
pipe2.w[4] = 0
pipe2.zp = 0
pump.DTIME_start = 5	(s)
pump.I = 33.700000000000003	(kg·m2)
pump.Ns = 25
pump.Q = 1.3470333578810138e-029	(m3/s)
pump.Q_r = 0.5	(m3/s)
pump.TIME_old = 50
pump.TIME_start = 1	(s)
pump.TIME_trip = 1	(s)
pump.User_Curves = FALSE
pump.a0 = 1.0240001135277799
pump.a1 = 0.084033773824863725
pump.alpha = 0.054559075443082611
pump.b0 = -1.5299982982766629
pump.b1 = 0.63025302436695874
pump.beta = 0.0013395116337688853
pump.dF_dv = 0
pump.eff_r = 0.83999999999999997	(-)
pump.f_in.H = 1	(m)
pump.f_in.Q = 1.3470333578810138e-029	(m3/s)
pump.f_in.z = 0	(m)
pump.f_out.H = 1.2300388112558158	(m)
pump.f_out.Q = 1.3470333578810138e-029	(m3/s)
pump.f_out.z = 0	(m)
pump.h = 0.0038339802137962739
pump.index = 0
pump.ip = 0
pump.ipa = 0
pump.m = 44
pump.n = 60.01498298739088	(rpm)
pump.n_constant = 1100	(rpm)
pump.n_o_trip = 1100	(rpm)
pump.n_old = 60.01498298739088	(rpm)
pump.n_r = 1100	(rpm)
pump.n_start_end = 1100	(rpm)
pump.pump_transient = Trip
pump.tdh = 0.23003881125581582	(m)
pump.tdh_r = 60	(m)
pump.theta = 3.1415926500000002	(v, alpha)
pump.torque = 4.0646052402213515	(N·m)
pump.torque_motor = 0	(kg3m)
pump.torque_motor_old = 0	(kg·m)
pump.torque_old = 4.0646052402881407	(kg·m)
pump.torque_r = 3034.3933846883215	(N·m)
pump.v = 2.6940667157620275e-029
pump.wbeta = 0.44999997071484565	(v**2 + alpha**2)
pump.wbeta_array[01] = -0.68400000000000005
pump.wbeta_array[02] = -0.54699993725388496
pump.wbeta_array[03] = -0.41400006144314727
pump.wbeta_array[04] = -0.29200000181927099
pump.wbeta_array[05] = -0.18699995762851998
pump.wbeta_array[06] = -0.10500003274379099
pump.wbeta_array[07] = -0.053000001319507634
pump.wbeta_array[08] = -0.011999979880720579
pump.wbeta_array[09] = 0.041999971343148076
pump.wbeta_array[10] = 0.096999997368698423
pump.wbeta_array[11] = 0.15600002701849305
pump.wbeta_array[12] = 0.22699996128277769
pump.wbeta_array[13] = 0.29999999542670991
pump.wbeta_array[14] = 0.37100002822393108
pump.wbeta_array[15] = 0.44399995864443048
pump.wbeta_array[16] = 0.52199999392300522
pump.wbeta_array[17] = 0.59600002830878285
pump.wbeta_array[18] = 0.67199995700455739
pump.wbeta_array[19] = 0.73799999587979315
pump.wbeta_array[20] = 0.76300000850278538
pump.wbeta_array[21] = 0.79699997654257593
pump.wbeta_array[22] = 0.83699999609979325
pump.wbeta_array[23] = 0.8650000080625101
pump.wbeta_array[24] = 0.88299999358957171
pump.wbeta_array[25] = 0.88600000045457172
pump.wbeta_array[26] = 0.8769999951185945
pump.wbeta_array[27] = 0.85900001149657423
pump.wbeta_array[28] = 0.83800000377549033
pump.wbeta_array[29] = 0.80399998708958731
pump.wbeta_array[30] = 0.75800003190729615
pump.wbeta_array[31] = 0.7030000090433004
pump.wbeta_array[32] = 0.64499998176191897
pump.wbeta_array[33] = 0.58300003942601575
pump.wbeta_array[34] = 0.52000001172389254
pump.wbeta_array[35] = 0.45399998361253219
pump.wbeta_array[36] = 0.40800002624564208
pump.wbeta_array[37] = 0.37000000647685505
pump.wbeta_array[38] = 0.34299999482463067
pump.wbeta_array[39] = 0.33100000439492661
pump.wbeta_array[40] = 0.3289999992908812
pump.wbeta_array[41] = 0.33800000353081822
pump.wbeta_array[42] = 0.35399998897439622
pump.wbeta_array[43] = 0.37199999472106998
pump.wbeta_array[44] = 0.40500001005594877
pump.wbeta_array[45] = 0.44999997071484671
pump.wbeta_array[46] = 0.4859999919782868
pump.wbeta_array[47] = 0.52000000752584341
pump.wbeta_array[48] = 0.5519999790189567
pump.wbeta_array[49] = 0.57899999336800279
pump.wbeta_array[50] = 0.60300000404075071
pump.wbeta_array[51] = 0.61599999499463776
pump.wbeta_array[52] = 0.61700000131963351
pump.wbeta_array[53] = 0.60599999669069848
pump.wbeta_array[54] = 0.5820000230487965
pump.wbeta_array[55] = 0.54600001129344666
pump.wbeta_array[56] = 0.4999999899332549
pump.wbeta_array[57] = 0.43200005544233316
pump.wbeta_array[58] = 0.36000002183390878
pump.wbeta_array[59] = 0.28799998876164384
pump.wbeta_array[60] = 0.21399994826672433
pump.wbeta_array[61] = 0.12300002896709866
pump.wbeta_array[62] = 0.036999988019096708
pump.wbeta_array[63] = -0.053000061947011734
pump.wbeta_array[64] = -0.1609999663611158
pump.wbeta_array[65] = -0.2480000101837615
pump.wbeta_array[66] = -0.31400002262485999
pump.wbeta_array[67] = -0.37199995156347221
pump.wbeta_array[68] = -0.5800000229770913
pump.wbeta_array[69] = -0.74000008061428635
pump.wbeta_array[70] = -0.87999995205977244
pump.wbeta_array[71] = -1.0000000110241931
pump.wbeta_array[72] = -1.1200000708869817
pump.wbeta_array[73] = -1.2499999520508067
pump.wbeta_array[74] = -1.3700000095987153
pump.wbeta_array[75] = -1.4900000605984263
pump.wbeta_array[76] = -1.5899999636186268
pump.wbeta_array[77] = -1.6600000020542907
pump.wbeta_array[78] = -1.6900000417484817
pump.wbeta_array[79] = -1.7700000083689338
pump.wbeta_array[80] = -1.6499999943376771
pump.wbeta_array[81] = -1.5899999768728532
pump.wbeta_array[82] = -1.5200000385750809
pump.wbeta_array[83] = -1.4199999966412971
pump.wbeta_array[84] = -1.3199999565011271
pump.wbeta_array[85] = -1.2300000498321746
pump.wbeta_array[86] = -1.0999999980178463
pump.wbeta_array[87] = -0.97999993315120537
pump.wbeta_array[88] = -0.8200000717368825
pump.wbeta_array[89] = -0.68400000000000005
pump.wh = 1.287999999727734	(v**2 + alpha**2)
pump.wh_array[01] = 0.63400000000000001
pump.wh_array[02] = 0.64300000319912887
pump.wh_array[03] = 0.64600000084009401
pump.wh_array[04] = 0.6400000001415419
pump.wh_array[05] = 0.62899999390944972
pump.wh_array[06] = 0.61300000860355464
pump.wh_array[07] = 0.59500000059144875
pump.wh_array[08] = 0.57499999044373651
pump.wh_array[09] = 0.55200001093219553
pump.wh_array[10] = 0.53300000085467492
pump.wh_array[11] = 0.5159999938204074
pump.wh_array[12] = 0.50500000334300821
pump.wh_array[13] = 0.50399999972027054
pump.wh_array[14] = 0.51000000150765357
pump.wh_array[15] = 0.51199999759229442
pump.wh_array[16] = 0.52199999885303905
pump.wh_array[17] = 0.5390000072185277
pump.wh_array[18] = 0.55899998830512743
pump.wh_array[19] = 0.57999999807834102
pump.wh_array[20] = 0.60100000897248451
pump.wh_array[21] = 0.62999998176187
pump.wh_array[22] = 0.66199999652822428
pump.wh_array[23] = 0.69200001033552772
pump.wh_array[24] = 0.72199998188356251
pump.wh_array[25] = 0.75299999612636581
pump.wh_array[26] = 0.78200000920513346
pump.wh_array[27] = 0.80799998523726446
pump.wh_array[28] = 0.83199999644489486
pump.wh_array[29] = 0.85700000742077931
pump.wh_array[30] = 0.87899998576824856
pump.wh_array[31] = 0.90399999586621582
pump.wh_array[32] = 0.93000000791618498
pump.wh_array[33] = 0.95899997815551652
pump.wh_array[34] = 0.99599999394804639
pump.wh_array[35] = 1.0270000089989166
pump.wh_array[36] = 1.0599999792606711
pump.wh_array[37] = 1.089999994183136
pump.wh_array[38] = 1.1240000103867327
pump.wh_array[39] = 1.1649999726030045
pump.wh_array[40] = 1.2039999922065545
pump.wh_array[41] = 1.2380000069632351
pump.wh_array[42] = 1.2579999897657654
pump.wh_array[43] = 1.270999997362269
pump.wh_array[44] = 1.2820000023140989
pump.wh_array[45] = 1.2879999997277343
pump.wh_array[46] = 1.2810000034015714
pump.wh_array[47] = 1.2599999938959419
pump.wh_array[48] = 1.22500003163562
pump.wh_array[49] = 1.1720000152580889
pump.wh_array[50] = 1.1069999854848331
pump.wh_array[51] = 1.0310000603711527
pump.wh_array[52] = 0.9420000257031732
pump.wh_array[53] = 0.84199998003359011
pump.wh_array[54] = 0.73300008514477621
pump.wh_array[55] = 0.61700003298904671
pump.wh_array[56] = 0.49999997819309927
pump.wh_array[57] = 0.36800010206547329
pump.wh_array[58] = 0.24000003659743757
pump.wh_array[59] = 0.12499998228687005
pump.wh_array[60] = 0.010999925021845615
pump.wh_array[61] = -0.10199997245861223
pump.wh_array[62] = -0.16800001004240345
pump.wh_array[63] = -0.25500005566453188
pump.wh_array[64] = -0.34199997201458093
pump.wh_array[65] = -0.42300000980795738
pump.wh_array[66] = -0.49400003777149004
pump.wh_array[67] = -0.5559999771005979
pump.wh_array[68] = -0.62000000582173587
pump.wh_array[69] = -0.65500001293536136
pump.wh_array[70] = -0.66999999727713944
pump.wh_array[71] = -0.66999999930003951
pump.wh_array[72] = -0.65999999547765031
pump.wh_array[73] = -0.65500000198473063
pump.wh_array[74] = -0.63999999752534342
pump.wh_array[75] = -0.59999998083639283
pump.wh_array[76] = -0.57000001481949469
pump.wh_array[77] = -0.51999999646014572
pump.wh_array[78] = -0.46999997881346151
pump.wh_array[79] = -0.43000002194799497
pump.wh_array[80] = -0.35999999629955509
pump.wh_array[81] = -0.27499994807590472
pump.wh_array[82] = -0.16000004928310316
pump.wh_array[83] = -0.03999999540681335
pump.wh_array[84] = 0.13000008787927092
pump.wh_array[85] = 0.29499993394199014
pump.wh_array[86] = 0.43000000205226729
pump.wh_array[87] = 0.55000004821230764
pump.wh_array[88] = 0.61999998285354974
pump.wh_array[89] = 0.63400000000000001
pump.z_in = 0	(m)
pump.z_out = 0	(m)
solver.Cr_TL = 0.55000000000000004
solver.PSI = 0	(-)
solver.PSIMAX = 1	(%)
solver.Patm = 0.1013	(MPa)
solver.Pvap = 0.0023387999999999998	(MPa)
solver.cavitation_flag = TRUE
solver.cpu = 0.92600000000000005	(s)
solver.dt_local = 0.024752475247524754
solver.dt_max = 0.025252525252525256
solver.dt_min = 0.024752475247524754
solver.dt_min_prev = 0.026055237102657631
solver.dt_nrsp = 0.025000000000000001
solver.dt_optim = 0.125	(s)
solver.dt_select = 0
solver.eps_fric = 0.81000000000000005
solver.error_disc_avg = 0	(%)
solver.error_disc_avg_optim = 1000000
solver.error_disc_max = 0	(%)
solver.error_disc_max_optim = 1000000
solver.error_nrsp = 0
solver.error_optim = 0
solver.found = TRUE
solver.global_method = MOC
solver.interp_method = WaveSpeedAdjustment
solver.ip_max = 1
solver.ip_min = 1
solver.n_max = 10
solver.n_min = -10
solver.nrsp_max = 20
solver.nrsp_min = 4
solver.nrsp_optim = 4
solver.nrtot = 0
solver.ntot_sect = 10
solver.ntot_sect_optim = 0
solver.perc_incr = 0.10000000000000001	(%)
solver.rho = 998	(kg/m3)
solver.transient_friction = TRUE
solver.tt_max = 0.5	(s)
solver.tt_min = 0.5	(s)
solver.tt_tot = 1	(s)
solver.valid_discretization = FALSE
solver.visc = 0.01	(N s/m2)
tank.H_tank = 1	(m)
tank.f_out.H = 1	(m)
tank.f_out.Q = 1.3470333578810138e-029	(m3/s)
tank.f_out.z = 0	(m)
tank.z_out = 0	(m)
tank2.H_tank = 59	(m)
tank2.f_out.H = 59	(m)
tank2.f_out.Q = -0.028837822978751069	(m3/s)
tank2.f_out.z = 0	(m)
tank2.z_out = 0	(m)
