 20 	 = 0.0114103 	 2.5  	 1.86415 
 20 	 = 0.0113986 	 2.4  	 1.87538 
 20 	 = 0.0113869 	 2.3  	 1.88662 
 20 	 = 0.0113753 	 2.2  	 1.89785 
 20 	 = 0.0113636 	 2.1  	 1.90909 
 20 	 = 0.011352 	 2  	 1.92033 
 20 	 = 0.0113405 	 1.95787  	 1.93156 
 20 	 = 0.0113289 	 2.0618  	 1.9428 
 20 	 = 0.0113174 	 1.9209  	 1.82272 
 20 	 = 0.0113059 	 1.82112  	 1.72285 
 20 	 = 0.0112944 	 1.72135  	 1.62297 
 20 	 = 0.011283 	 1.62157  	 1.5231 
 20 	 = 0.0112715 	 1.5218  	 1.42322 
 20 	 = 0.0112601 	 1.42202  	 1.32335 
 20 	 = 0.0112487 	 1.32225  	 1.22347 
 20 	 = 0.0112374 	 1.22247  	 1.1236 
 20 	 = 0.011226 	 1.1227  	 1.02372 
 20 	 = 0.0112147 	 1.02292  	 0.923845 
 20 	 = 0.0112034 	 0.923146  	 0.82397 
 20 	 = 0.0111922 	 0.823371  	 0.724095 
 20 	 = 0.0111809 	 0.723596  	 0.62422 
 20 	 = 0.0111697 	 0.62382  	 0.524345 
 20 	 = 0.0111585 	 0.524045  	 0.424469 
 20 	 = 0.0111473 	 0.42427  	 0.324594 
 20 	 = 0.0111361 	 0.324494  	 0.224719 
 20 	 = 0.011125 	 0.224719  	 0.124844 
 20 	 = 0.0111139 	 0.124944  	 0.113858 
 20 	 = 0.0111028 	 0.2  	 0.102871 
 20 	 = 0.0110917 	 0.3  	 0.174782 
 20 	 = 0.0110807 	 0.4  	 0.274657 
 20 	 = 0.0110697 	 0.5  	 0.374532 
 20 	 = 0.0110586 	 0.6  	 0.474407 
 20 	 = 0.0110477 	 0.7  	 0.574282 
 20 	 = 0.0110367 	 0.8  	 0.674157 
 20 	 = 0.0110258 	 0.9  	 0.774032 
 20 	 = 0.0110149 	 1  	 0.873908 
 20 	 = 0.011004 	 1.1  	 0.973783 
 20 	 = 0.0109931 	 1.2  	 1.07366 
 20 	 = 0.0109822 	 1.3  	 1.17353 
 20 	 = 0.0109714 	 1.4  	 1.27341 
 20 	 = 0.0109606 	 1.5  	 1.37328 
 20 	 = 0.0109498 	 1.6  	 1.47316 
 20 	 = 0.010939 	 1.7  	 1.57303 
 20 	 = 0.0109283 	 1.8  	 1.67291 
 20 	 = 0.0109176 	 1.9  	 1.77278 
 20 	 = 0.0109069 	 2  	 1.87266 
 20 	 = 0.0108962 	 2.1  	 1.97253 
 20 	 = 0.0108855 	 2.2  	 2.07241 
 20 	 = 0.0108749 	 2.3  	 2.04885 
 20 	 = 0.0108643 	 2.4  	 2.0381 
