 20 	 = 0.0252525 	 0  	 0 
 20 	 = 0.025227 	 0.9  	 0.9 
 20 	 = 0.0252016 	 0.8  	 0.8 
 20 	 = 0.0251762 	 0.7  	 0.7 
 20 	 = 0.0251509 	 0.6  	 0.6 
 20 	 = 0.0251256 	 0.5  	 0.5 
 20 	 = 0.0251004 	 0.4  	 0.4 
 20 	 = 0.0250752 	 0.3  	 0.3 
 20 	 = 0.0250501 	 0.2  	 0.2 
 20 	 = 0.025025 	 0.1  	 0.1 
 20 	 = 0.025 	 0  	 0 
 20 	 = 0.024975 	 0.1  	 0.1 
 20 	 = 0.0249501 	 0.2  	 0.2 
 20 	 = 0.0249252 	 0.3  	 0.3 
 20 	 = 0.0249004 	 0.4  	 0.4 
 20 	 = 0.0248756 	 0.5  	 0.5 
 20 	 = 0.0248509 	 0.6  	 0.6 
 20 	 = 0.0248262 	 0.7  	 0.7 
 20 	 = 0.0248016 	 0.8  	 0.8 
 20 	 = 0.024777 	 0.9  	 0.9 
 20 	 = 0.0247525 	 0  	 0 
