 1 	 = 0.0040201 	 0  	 0 
 1 	 = 0.00401606 	 0  	 0 
 1 	 = 0.00401204 	 0  	 0 
 1 	 = 0.00400802 	 0  	 0 
 1 	 = 0.004004 	 0  	 0 
 1 	 = 0.004 	 0  	 0 
 1 	 = 0.003996 	 0.0048119  	 0.0260595 
 1 	 = 0.00399202 	 0.0038177  	 0.0230885 
 1 	 = 0.00398804 	 0.003  	 0.0201176 
 1 	 = 0.00398406 	 0.004  	 0.0171466 
 2 	 = 0.00201005 	 0  	 0 
 2 	 = 0.00200803 	 0  	 0 
 2 	 = 0.00200602 	 0  	 0 
 2 	 = 0.00200401 	 0  	 0 
 2 	 = 0.002002 	 0  	 0 
 2 	 = 0.002 	 0  	 0 
 2 	 = 0.001998 	 0.0048119  	 0.052119 
 2 	 = 0.00199601 	 0.0038177  	 0.046177 
 2 	 = 0.00199402 	 0.003  	 0.0402351 
 2 	 = 0.00199203 	 0.004  	 0.0342932 
 3 	 = 0.00134003 	 0  	 0 
 3 	 = 0.00133869 	 0  	 0 
 3 	 = 0.00133735 	 0  	 0 
 3 	 = 0.00133601 	 0  	 0 
 3 	 = 0.00133467 	 0  	 0 
 3 	 = 0.00133333 	 0  	 0 
 3 	 = 0.001332 	 0.0048119  	 0.0781785 
 3 	 = 0.00133067 	 0.0038177  	 0.0692656 
 3 	 = 0.00132935 	 0.003  	 0.0603527 
 3 	 = 0.00132802 	 0.004  	 0.0514398 
 4 	 = 0.00100503 	 0  	 0 
 4 	 = 0.00100402 	 0  	 0 
 4 	 = 0.00100301 	 0  	 0 
 4 	 = 0.001002 	 0  	 0 
 4 	 = 0.001001 	 0  	 0 
 4 	 = 0.001 	 0  	 0 
 4 	 = 0.000999001 	 0.0048119  	 0.142614 
 4 	 = 0.000998004 	 0.0038177  	 0.162736 
 4 	 = 0.000997009 	 0.00391265  	 0.182859 
 4 	 = 0.000996016 	 0.00491356  	 0.202981 
 5 	 = 0.00080402 	 0  	 0 
 5 	 = 0.000803213 	 0  	 0 
 5 	 = 0.000802407 	 0  	 0 
 5 	 = 0.000801603 	 0  	 0 
 5 	 = 0.000800801 	 0  	 0 
 5 	 = 0.0008 	 0  	 0 
 5 	 = 0.000799201 	 0.0048119  	 0.130297 
 5 	 = 0.000798403 	 0.0038177  	 0.115443 
 5 	 = 0.000797607 	 0.003  	 0.100588 
 5 	 = 0.000796813 	 0.004  	 0.0857329 
 6 	 = 0.000670017 	 0  	 0 
 6 	 = 0.000669344 	 0  	 0 
 6 	 = 0.000668673 	 0  	 0 
 6 	 = 0.000668003 	 0  	 0 
 6 	 = 0.000667334 	 0  	 0 
 6 	 = 0.000666667 	 0  	 0 
 6 	 = 0.000666001 	 0.0048119  	 0.156357 
 6 	 = 0.000665336 	 0.0038177  	 0.138531 
 6 	 = 0.000664673 	 0.003  	 0.120705 
 6 	 = 0.000664011 	 0.004  	 0.10288 
 7 	 = 0.0005743 	 0  	 0 
 7 	 = 0.000573723 	 0  	 0 
 7 	 = 0.000573148 	 0  	 0 
 7 	 = 0.000572574 	 0  	 0 
 7 	 = 0.000572001 	 0  	 0 
 7 	 = 0.000571429 	 0  	 0 
 7 	 = 0.000570858 	 0.0048119  	 0.182416 
 7 	 = 0.000570288 	 0.0038177  	 0.16162 
 7 	 = 0.000569719 	 0.003  	 0.140823 
 7 	 = 0.000569152 	 0.004  	 0.120026 
 8 	 = 0.000502513 	 0  	 0 
 8 	 = 0.000502008 	 0  	 0 
 8 	 = 0.000501505 	 0  	 0 
 8 	 = 0.000501002 	 0  	 0 
 8 	 = 0.000500501 	 0  	 0 
 8 	 = 0.0005 	 0  	 0 
 8 	 = 0.0004995 	 0.0048119  	 0.285228 
 8 	 = 0.000499002 	 0.0038177  	 0.325473 
 8 	 = 0.000498504 	 0.00391265  	 0.365717 
 8 	 = 0.000498008 	 0.00491356  	 0.405962 
 9 	 = 0.000446678 	 0  	 0 
 9 	 = 0.000446229 	 0  	 0 
 9 	 = 0.000445782 	 0  	 0 
 9 	 = 0.000445335 	 0  	 0 
 9 	 = 0.000444889 	 0  	 0 
 9 	 = 0.000444444 	 0  	 0 
 9 	 = 0.000444 	 0.0048119  	 0.234535 
 9 	 = 0.000443557 	 0.0038177  	 0.207797 
 9 	 = 0.000443115 	 0.003  	 0.181058 
 9 	 = 0.000442674 	 0.004  	 0.154319 
 10 	 = 0.00040201 	 0  	 0 
 10 	 = 0.000401606 	 0  	 0 
 10 	 = 0.000401204 	 0  	 0 
 10 	 = 0.000400802 	 0  	 0 
 10 	 = 0.0004004 	 0  	 0 
 10 	 = 0.0004 	 0  	 0 
 10 	 = 0.0003996 	 0.0048119  	 0.260595 
 10 	 = 0.000399202 	 0.0038177  	 0.230885 
 10 	 = 0.000398804 	 0.003  	 0.201176 
 10 	 = 0.000398406 	 0.004  	 0.171466 
 11 	 = 0.000365464 	 0  	 0 
 11 	 = 0.000365097 	 0  	 0 
 11 	 = 0.000364731 	 0  	 0 
 11 	 = 0.000364365 	 0  	 0 
 11 	 = 0.000364 	 0  	 0 
 11 	 = 0.000363636 	 0  	 0 
 11 	 = 0.000363273 	 0.0048119  	 0.286654 
 11 	 = 0.000362911 	 0.0038177  	 0.253974 
 11 	 = 0.000362549 	 0.003  	 0.221293 
 11 	 = 0.000362188 	 0.004  	 0.188612 
 12 	 = 0.000335008 	 0  	 0 
 12 	 = 0.000334672 	 0  	 0 
 12 	 = 0.000334336 	 0  	 0 
 12 	 = 0.000334001 	 0  	 0 
 12 	 = 0.000333667 	 0  	 0 
 12 	 = 0.000333333 	 0  	 0 
 12 	 = 0.000333 	 0.0048119  	 0.427841 
 12 	 = 0.000332668 	 0.0038177  	 0.488209 
 12 	 = 0.000332336 	 0.00391265  	 0.548576 
 12 	 = 0.000332005 	 0.00491356  	 0.608944 
 13 	 = 0.000309239 	 0.00467955  	 0.299491 
 13 	 = 0.000308928 	 0  	 0 
 13 	 = 0.000308618 	 0  	 0 
 13 	 = 0.000308309 	 0  	 0 
 13 	 = 0.000308 	 0  	 0 
 13 	 = 0.000307692 	 0  	 0 
 13 	 = 0.000307385 	 0.0048119  	 0.338773 
 13 	 = 0.000307078 	 0.0038177  	 0.300151 
 13 	 = 0.000306772 	 0.003  	 0.261528 
 13 	 = 0.000306466 	 0.004  	 0.222906 
 14 	 = 0.00028715 	 0.005  	 0.385606 
 14 	 = 0.000286862 	 0.0045681  	 0.427199 
 14 	 = 0.000286574 	 0  	 0 
 14 	 = 0.000286287 	 0  	 0 
 14 	 = 0.000286 	 0  	 0 
 14 	 = 0.000285714 	 0  	 0 
 14 	 = 0.000285429 	 0.0048119  	 0.364833 
 14 	 = 0.000285144 	 0.0038177  	 0.323239 
 14 	 = 0.00028486 	 0.003  	 0.281646 
 14 	 = 0.000284576 	 0.004  	 0.240052 
 15 	 = 0.000268007 	 0.00259082  	 0.19172 
 15 	 = 0.000267738 	 0.004  	 0.386285 
 15 	 = 0.000267469 	 0.00460607  	 0.430849 
 15 	 = 0.000267201 	 0  	 0 
 15 	 = 0.000266934 	 0  	 0 
 15 	 = 0.000266667 	 0  	 0 
 15 	 = 0.0002664 	 0.0048119  	 0.390892 
 15 	 = 0.000266134 	 0.0038177  	 0.346328 
 15 	 = 0.000265869 	 0.003  	 0.301763 
 15 	 = 0.000265604 	 0.004  	 0.257199 
 16 	 = 0.000251256 	 0.00174475  	 0.137835 
 16 	 = 0.000251004 	 0.004  	 0.831995 
 16 	 = 0.000250752 	 0.0037583  	 0.751505 
 16 	 = 0.000250501 	 0.00476508  	 0.671015 
 16 	 = 0.00025025 	 0  	 0 
 16 	 = 0.00025 	 0  	 0 
 16 	 = 0.00024975 	 0.0048119  	 0.570455 
 16 	 = 0.000249501 	 0.0038177  	 0.650945 
 16 	 = 0.000249252 	 0.00391265  	 0.731435 
 16 	 = 0.000249004 	 0.00491356  	 0.811925 
 17 	 = 0.000236477 	 0.000999402  	 0.0839497 
 17 	 = 0.000236239 	 0.004  	 0.304456 
 17 	 = 0.000236002 	 0.00301146  	 0.354963 
 17 	 = 0.000235766 	 0.00401749  	 0.405469 
 17 	 = 0.00023553 	 0  	 0 
 17 	 = 0.000235294 	 0  	 0 
 17 	 = 0.000235059 	 0.0048119  	 0.443011 
 17 	 = 0.000234824 	 0.0038177  	 0.392505 
 17 	 = 0.00023459 	 0.003  	 0.341998 
 17 	 = 0.000234357 	 0.004  	 0.291492 
 18 	 = 0.000223339 	 0.005  	 0.210064 
 18 	 = 0.000223115 	 0.004  	 0.263542 
 18 	 = 0.000222891 	 0.003  	 0.317019 
 18 	 = 0.000222668 	 0.0033539  	 0.370497 
 18 	 = 0.000222445 	 0.00435926  	 0.423974 
 18 	 = 0.000222222 	 0  	 0 
 18 	 = 0.000222 	 0.0048119  	 0.469071 
 18 	 = 0.000221779 	 0.0038177  	 0.415593 
 18 	 = 0.000221558 	 0.003  	 0.362116 
 18 	 = 0.000221337 	 0.004  	 0.308639 
 19 	 = 0.000211584 	 0.000253414  	 0.0238209 
 19 	 = 0.000211372 	 0.004  	 0.222628 
 19 	 = 0.00021116 	 0.003  	 0.279076 
 19 	 = 0.000210948 	 0.0027609  	 0.335524 
 19 	 = 0.000210737 	 0.00376567  	 0.391973 
 19 	 = 0.000210526 	 0.00477044  	 0.448421 
 19 	 = 0.000210316 	 0.0048119  	 0.49513 
 19 	 = 0.000210106 	 0.0038177  	 0.438682 
 19 	 = 0.000209897 	 0.003  	 0.382234 
 19 	 = 0.000209688 	 0.004  	 0.325785 
 20 	 = 0.000201005 	 0.000784911  	 0.0777062 
 20 	 = 0.000200803 	 0.004  	 0.789993 
 20 	 = 0.000200602 	 0.003  	 0.689381 
 20 	 = 0.000200401 	 0.0022278  	 0.588769 
 20 	 = 0.0002002 	 0.00323203  	 0.488156 
 20 	 = 0.0002 	 0.00423627  	 0.451238 
 20 	 = 0.0001998 	 0.0048119  	 0.713069 
 20 	 = 0.000199601 	 0.0038177  	 0.813681 
 20 	 = 0.000199402 	 0.00391265  	 0.914294 
 20 	 = 0.000199203 	 0.00491356  	 1.01491 
 21 	 = 0.000191433 	 0.005  	 0.460342 
 21 	 = 0.000191241 	 0.004  	 0.195201 
 21 	 = 0.000191049 	 0.003  	 0.203189 
 21 	 = 0.000190858 	 0.002  	 0.26558 
 21 	 = 0.000190667 	 0.00274971  	 0.32797 
 21 	 = 0.000190476 	 0.00375346  	 0.39036 
 21 	 = 0.000190286 	 0.00475722  	 0.536751 
 21 	 = 0.000190096 	 0.0038177  	 0.484859 
 21 	 = 0.000189906 	 0.003  	 0.422469 
 21 	 = 0.000189717 	 0.004  	 0.360078 
 22 	 = 0.000182732 	 0.00170162  	 0.185477 
 22 	 = 0.000182548 	 0.004  	 0.252115 
 22 	 = 0.000182365 	 0.003  	 0.165246 
 22 	 = 0.000182183 	 0.002  	 0.230607 
 22 	 = 0.000182 	 0.00231164  	 0.295969 
 22 	 = 0.000181818 	 0.00331495  	 0.36133 
 22 	 = 0.000181637 	 0.00431827  	 0.514691 
 22 	 = 0.000181455 	 0.0038177  	 0.507948 
 22 	 = 0.000181274 	 0.003  	 0.442586 
 22 	 = 0.000181094 	 0.004  	 0.377225 
 23 	 = 0.000174787 	 0.00209967  	 0.239362 
 23 	 = 0.000174611 	 0.004  	 0.30903 
 23 	 = 0.000174436 	 0.003  	 0.148698 
 23 	 = 0.000174262 	 0.002  	 0.195635 
 23 	 = 0.000174087 	 0.00191199  	 0.263967 
 23 	 = 0.000173913 	 0.00291491  	 0.332299 
 23 	 = 0.000173739 	 0.00391782  	 0.492632 
 23 	 = 0.000173566 	 0.0038177  	 0.531036 
 23 	 = 0.000173393 	 0.003  	 0.462704 
 23 	 = 0.00017322 	 0.00465517  	 0.529371 
 24 	 = 0.000167504 	 0.00246426  	 0.293247 
 24 	 = 0.000167336 	 0.004  	 1.09588 
 24 	 = 0.000167168 	 0.003  	 0.736539 
 24 	 = 0.000167001 	 0.002  	 0.506522 
 24 	 = 0.000166834 	 0.00154593  	 0.385787 
 24 	 = 0.000166667 	 0.00254848  	 0.341485 
 24 	 = 0.0001665 	 0.00355103  	 0.700827 
 24 	 = 0.000166334 	 0.0038177  	 0.976418 
 24 	 = 0.000166168 	 0.00391265  	 1.09715 
 24 	 = 0.000166003 	 0.00491356  	 1.21789 
 25 	 = 0.000160804 	 0.005  	 0.690883 
 25 	 = 0.000160643 	 0.00403226  	 0.547859 
 25 	 = 0.000160481 	 0.003  	 0.248584 
 25 	 = 0.000160321 	 0.002  	 0.12569 
 25 	 = 0.00016016 	 0.00120939  	 0.199964 
 25 	 = 0.00016 	 0.0022116  	 0.274238 
 25 	 = 0.00015984 	 0.00321381  	 0.448513 
 25 	 = 0.000159681 	 0.0038177  	 0.577213 
 25 	 = 0.000159521 	 0.003  	 0.502939 
 25 	 = 0.000159363 	 0.004  	 0.428665 
 26 	 = 0.000154619 	 0.00310867  	 0.401018 
 26 	 = 0.000154464 	 0.004  	 0.479773 
 26 	 = 0.000154309 	 0.003  	 0.298528 
 26 	 = 0.000154154 	 0.002  	 0.117282 
 26 	 = 0.000154 	 0.001  	 0.167963 
 26 	 = 0.000153846 	 0.00190084  	 0.245208 
 26 	 = 0.000153692 	 0.00290274  	 0.426453 
 26 	 = 0.000153539 	 0.0038177  	 0.600302 
 26 	 = 0.000153386 	 0.003  	 0.523056 
 26 	 = 0.000153233 	 0.004  	 0.445811 
 27 	 = 0.000148743 	 0.004  	 0.536687 
 27 	 = 0.000148594 	 0.003  	 0.348471 
 27 	 = 0.000148445 	 0.002  	 0.160255 
 27 	 = 0.000148296 	 0.001  	 0.135961 
 27 	 = 0.000148148 	 0.00161327  	 0.216178 
 27 	 = 0.000148 	 0.00261488  	 0.404394 
 27 	 = 0.000147852 	 0.00361649  	 0.59261 
 27 	 = 0.000147705 	 0.004375  	 0.691924 
 27 	 = 0.000147558 	 0.004  	 0.577958 
 28 	 = 0.000143575 	 0.005  	 0.771211 
 28 	 = 0.000143431 	 0.004  	 1.44519 
 28 	 = 0.000143287 	 0.003  	 1.02596 
 28 	 = 0.000143143 	 0.002  	 0.60673 
 28 	 = 0.000143 	 0.001  	 0.283419 
 28 	 = 0.000142857 	 0.00134638  	 0.231733 
 28 	 = 0.000142714 	 0.00234773  	 0.650965 
 28 	 = 0.000142572 	 0.00334907  	 1.0702 
 28 	 = 0.00014243 	 0.00391265  	 1.28001 
 28 	 = 0.000142288 	 0.00491356  	 1.42087 
 29 	 = 0.000138485 	 0.004  	 0.755516 
 29 	 = 0.000138346 	 0.00392361  	 0.589608 
 29 	 = 0.000138207 	 0.00493056  	 0.4237 
 29 	 = 0.000138069 	 0.001  	 0.0719585 
 29 	 = 0.000137931 	 0.00109803  	 0.158117 
 29 	 = 0.000137793 	 0.00209913  	 0.360275 
 29 	 = 0.000137656 	 0.00310023  	 0.562433 
 29 	 = 0.000137518 	 0.003  	 0.583409 
 29 	 = 0.000137382 	 0.004  	 0.497251 
 30 	 = 0.000134003 	 0.00259082  	 0.383441 
 30 	 = 0.000133869 	 0.004  	 0.70743 
 30 	 = 0.000133735 	 0.003  	 0.498301 
 30 	 = 0.000133601 	 0.002  	 0.289172 
 30 	 = 0.000133467 	 0.001  	 0.0800429 
 30 	 = 0.000133333 	 0.00086635  	 0.129086 
 30 	 = 0.0001332 	 0.00186722  	 0.338215 
 30 	 = 0.000133067 	 0.00286808  	 0.547344 
 30 	 = 0.000132935 	 0.003  	 0.603527 
 30 	 = 0.000132802 	 0.004  	 0.514398 
 31 	 = 0.000129681 	 0.00215396  	 0.329555 
 31 	 = 0.00012955 	 0.004  	 0.731655 
 31 	 = 0.000129421 	 0.003  	 0.548244 
 31 	 = 0.000129291 	 0.002  	 0.332144 
 31 	 = 0.000129161 	 0.001  	 0.116044 
 31 	 = 0.000129032 	 0.000649712  	 0.100056 
 31 	 = 0.000128903 	 0.00165036  	 0.316156 
 31 	 = 0.000128775 	 0.00442308  	 0.704756 
 31 	 = 0.000128646 	 0.00342949  	 0.757394 
 31 	 = 0.000128518 	 0.004  	 0.626544 
 32 	 = 0.000125628 	 0.00174475  	 0.27567 
 32 	 = 0.000125502 	 0.004  	 1.66399 
 32 	 = 0.000125376 	 0.003  	 1.31539 
 32 	 = 0.000125251 	 0.002  	 0.836263 
 32 	 = 0.000125125 	 0.001  	 0.357141 
 32 	 = 0.000125 	 0.000909918  	 0.121981 
 32 	 = 0.000124875 	 0.00191083  	 0.601103 
 32 	 = 0.00012475 	 0.00291174  	 1.08022 
 32 	 = 0.000124626 	 0.00391265  	 1.46287 
 32 	 = 0.000124502 	 0.00491356  	 1.62385 
 33 	 = 0.000121821 	 0.005  	 0.595535 
 33 	 = 0.000121699 	 0.004  	 0.734827 
 33 	 = 0.000121577 	 0.00307927  	 0.774381 
 33 	 = 0.000121455 	 0.00408537  	 0.585589 
 33 	 = 0.000121333 	 0.001  	 0.188047 
 33 	 = 0.000121212 	 0.000256066  	 0.0419948 
 33 	 = 0.000121091 	 0.00125632  	 0.272037 
 33 	 = 0.00012097 	 0.00225658  	 0.502079 
 33 	 = 0.00012085 	 0.003  	 0.663879 
 33 	 = 0.000120729 	 0.004  	 0.565837 
 34 	 = 0.000118238 	 0.000999402  	 0.167899 
 34 	 = 0.00011812 	 0.004  	 0.608912 
 34 	 = 0.000118001 	 0.003  	 0.698075 
 34 	 = 0.000117883 	 0.002  	 0.461062 
 34 	 = 0.000117765 	 0.001  	 0.224049 
 34 	 = 0.000117647 	 7.67118e-005  	 0.0129643 
 34 	 = 0.00011753 	 0.00107679  	 0.249977 
 34 	 = 0.000117412 	 0.00207687  	 0.48699 
 34 	 = 0.000117295 	 0.003  	 0.683997 
 34 	 = 0.000117178 	 0.004  	 0.582984 
 35 	 = 0.00011486 	 0.005  	 0.464014 
 35 	 = 0.000114745 	 0.004  	 0.567998 
 35 	 = 0.00011463 	 0.003  	 0.671982 
 35 	 = 0.000114515 	 0.00209215  	 0.504034 
 35 	 = 0.0001144 	 0.00109224  	 0.26005 
 35 	 = 0.000114286 	 9.23343e-005  	 0.0160662 
 35 	 = 0.000114172 	 0.0046875  	 0.434168 
 35 	 = 0.000114058 	 0.00369318  	 0.634402 
 35 	 = 0.000113944 	 0.003  	 0.822864 
 35 	 = 0.00011383 	 0.004  	 0.67513 
 36 	 = 0.000111669 	 0.005  	 0.420129 
 36 	 = 0.000111557 	 0.004  	 1.62199 
 36 	 = 0.000111445 	 0.003  	 1.44089 
 36 	 = 0.000111334 	 0.00225143  	 1.0658 
 36 	 = 0.000111222 	 0.00125168  	 0.526784 
 36 	 = 0.000111111 	 0.000909918  	 0.102421 
 36 	 = 0.000111 	 0.00191083  	 0.55124 
 36 	 = 0.000110889 	 0.00291174  	 1.09025 
 36 	 = 0.000110779 	 0.00391265  	 1.62926 
 36 	 = 0.000110668 	 0.491356  	 0.346755 
 37 	 = 0.000108651 	 0.005  	 0.821244 
 37 	 = 0.000108542 	 0.004  	 0.551169 
 37 	 = 0.000108433 	 0.003  	 0.707345 
 37 	 = 0.000108325 	 0.00342391  	 0.747479 
 37 	 = 0.000108216 	 0.00442935  	 0.535803 
 37 	 = 0.000108108 	 0.000402865  	 0.0741271 
 37 	 = 0.000108 	 0.001  	 0.183799 
 37 	 = 0.000107892 	 0.002  	 0.441725 
 37 	 = 0.000107785 	 0.003  	 0.699651 
 37 	 = 0.000107677 	 0.004  	 0.634424 
 38 	 = 0.000105792 	 0.000253414  	 0.0476418 
 38 	 = 0.000105686 	 0.004  	 0.445255 
 38 	 = 0.00010558 	 0.003  	 0.558152 
 38 	 = 0.000105474 	 0.00254472  	 0.632951 
 38 	 = 0.000105369 	 0.00154526  	 0.368054 
 38 	 = 0.000105263 	 0.000545807  	 0.103158 
 38 	 = 0.000105158 	 0.001  	 0.161739 
 38 	 = 0.000105053 	 0.002  	 0.426636 
 38 	 = 0.000104948 	 0.003  	 0.691533 
 38 	 = 0.000104844 	 0.004  	 0.65157 
 39 	 = 0.000102976 	 0.004  	 0.404341 
 39 	 = 0.000102873 	 0.003  	 0.520209 
 39 	 = 0.00010277 	 0.00248744  	 0.636076 
 39 	 = 0.000102667 	 0.0016807  	 0.404056 
 39 	 = 0.000102564 	 0.000681382  	 0.132188 
 39 	 = 0.000102462 	 0.00410714  	 0.34093 
 39 	 = 0.000102359 	 0.00311224  	 0.564048 
 39 	 = 0.000102257 	 0.003  	 0.787165 
 39 	 = 0.000102155 	 0.00450847  	 1.20072 
 40 	 = 0.000100503 	 0.000784911  	 0.155412 
 40 	 = 0.000100402 	 0.004  	 1.57999 
 40 	 = 0.000100301 	 0.003  	 1.37876 
 40 	 = 0.0001002 	 0.0022278  	 1.17754 
 40 	 = 0.0001001 	 0.00180933  	 0.696427 
 40 	 = 0.0001 	 0.000909918  	 0.224913 
 40 	 = 9.99001e-005 	 0.00191083  	 0.501378 
 40 	 = 9.98004e-005 	 0.447094  	 0.208032 
 40 	 = 9.97009e-005 	 0.391265  	 0.289592 
 40 	 = 9.96016e-005 	 0.491356  	 0.330004 
