 1 	 = 0.4004 	 0  	 0 
 1 	 = 0.4 	 0  	 0 
 2 	 = 0.2002 	 0  	 0 
 2 	 = 0.2 	 0  	 0 
 3 	 = 0.133333 	 0  	 0 
 4 	 = 0.1001 	 0  	 0 
 4 	 = 0.1 	 0  	 0 
 5 	 = 0.0800801 	 0  	 0 
 5 	 = 0.08 	 0  	 0 
 6 	 = 0.0666667 	 0  	 0 
 7 	 = 0.0572001 	 0  	 0 
 7 	 = 0.0571429 	 0  	 0 
 8 	 = 0.0500501 	 0  	 0 
 8 	 = 0.05 	 0  	 0 
 9 	 = 0.0444889 	 0  	 0 
 9 	 = 0.0444444 	 0  	 0 
 10 	 = 0.04004 	 0  	 0 
 10 	 = 0.04 	 0  	 0 
 11 	 = 0.0364 	 0  	 0 
 11 	 = 0.0363636 	 0  	 0 
 12 	 = 0.0333333 	 0  	 0 
 13 	 = 0.0308 	 0  	 0 
 13 	 = 0.0307692 	 0  	 0 
 14 	 = 0.0286 	 0  	 0 
 14 	 = 0.0285714 	 0  	 0 
 15 	 = 0.0266934 	 0  	 0 
 15 	 = 0.0266667 	 0  	 0 
 16 	 = 0.025025 	 0  	 0 
 16 	 = 0.025 	 0  	 0 
 17 	 = 0.023553 	 0  	 0 
 17 	 = 0.0235294 	 0  	 0 
 18 	 = 0.0222445 	 0  	 0 
 18 	 = 0.0222222 	 0  	 0 
 19 	 = 0.0210526 	 0  	 0 
 20 	 = 0.02002 	 0  	 0 
 20 	 = 0.02 	 0  	 0 
 21 	 = 0.0190667 	 0  	 0 
 21 	 = 0.0190476 	 0  	 0 
 22 	 = 0.0182 	 0  	 0 
 22 	 = 0.0181818 	 0  	 0 
 23 	 = 0.0174087 	 0  	 0 
 23 	 = 0.0173913 	 0  	 0 
 24 	 = 0.0166667 	 0  	 0 
 25 	 = 0.016016 	 0  	 0 
 25 	 = 0.016 	 0  	 0 
 26 	 = 0.0154 	 0  	 0 
 26 	 = 0.0153846 	 0  	 0 
 27 	 = 0.0148296 	 0  	 0 
 27 	 = 0.0148148 	 0  	 0 
 28 	 = 0.0143 	 0  	 0 
 28 	 = 0.0142857 	 0  	 0 
 29 	 = 0.0138069 	 0  	 0 
 29 	 = 0.0137931 	 0  	 0 
 30 	 = 0.0133467 	 0  	 0 
 30 	 = 0.0133333 	 0  	 0 
 31 	 = 0.0129032 	 0.000644745  	 0.030303 
 32 	 = 0.0125125 	 0  	 0 
 32 	 = 0.0125 	 0  	 0 
 33 	 = 0.0121333 	 0.001  	 0.05 
 33 	 = 0.0121212 	 2.22045e-016  	 1.11022e-014 
 34 	 = 0.0117765 	 0  	 0 
 34 	 = 0.0117647 	 0  	 0 
 35 	 = 0.01144 	 0.001  	 0.0927273 
 35 	 = 0.0114286 	 0.000571755  	 0.030303 
 36 	 = 0.0111222 	 0  	 0 
 36 	 = 0.0111111 	 0  	 0 
 37 	 = 0.0108108 	 0  	 0 
 38 	 = 0.0105263 	 0  	 0 
 39 	 = 0.0102564 	 0  	 0 
 40 	 = 0.01001 	 0  	 0 
 40 	 = 0.01 	 0  	 0 
 41 	 = 0.00976586 	 0.000953079  	 0.0590909 
 41 	 = 0.0097561 	 0  	 0 
 42 	 = 0.00953334 	 0  	 0 
 42 	 = 0.00952381 	 0  	 0 
 43 	 = 0.00931164 	 0  	 0 
 43 	 = 0.00930233 	 0  	 0 
 44 	 = 0.00910001 	 0  	 0 
 44 	 = 0.00909091 	 0  	 0 
 45 	 = 0.00889779 	 0  	 0 
 45 	 = 0.00888889 	 0  	 0 
 46 	 = 0.00870436 	 0  	 0 
 46 	 = 0.00869565 	 0  	 0 
 47 	 = 0.00851916 	 0  	 0 
 47 	 = 0.00851064 	 0  	 0 
 48 	 = 0.00833333 	 0  	 0 
 49 	 = 0.00817144 	 0  	 0 
 49 	 = 0.00816327 	 0  	 0 
 50 	 = 0.00800801 	 0  	 0 
 50 	 = 0.008 	 0  	 0 
 51 	 = 0.00785099 	 0  	 0 
 51 	 = 0.00784314 	 0  	 0 
 52 	 = 0.00770001 	 0  	 0 
 52 	 = 0.00769231 	 0  	 0 
 53 	 = 0.00755472 	 0  	 0 
 53 	 = 0.00754717 	 0  	 0 
 54 	 = 0.00741482 	 0  	 0 
 54 	 = 0.00740741 	 0  	 0 
 55 	 = 0.00728001 	 0  	 0 
 55 	 = 0.00727273 	 0  	 0 
 56 	 = 0.00715001 	 0  	 0 
 56 	 = 0.00714286 	 0  	 0 
 57 	 = 0.00702457 	 0  	 0 
 57 	 = 0.00701754 	 0  	 0 
 58 	 = 0.00690346 	 0  	 0 
 58 	 = 0.00689655 	 0  	 0 
 59 	 = 0.00678645 	 0  	 0 
 59 	 = 0.00677966 	 0  	 0 
 60 	 = 0.00667334 	 0  	 0 
 60 	 = 0.00666667 	 0.0999001  	 0.035468 
 61 	 = 0.00656394 	 0  	 0 
 61 	 = 0.00655738 	 0  	 0 
 62 	 = 0.00645161 	 0.000644745  	 0.0606061 
 63 	 = 0.00635556 	 0  	 0 
 63 	 = 0.00634921 	 0  	 0 
 64 	 = 0.00625626 	 0  	 0 
 64 	 = 0.00625 	 0.0909918  	 0.0194864 
 65 	 = 0.00616001 	 0  	 0 
 65 	 = 0.00615385 	 0  	 0 
 66 	 = 0.00606667 	 0.001  	 0.1 
 66 	 = 0.00606061 	 2.22045e-016  	 2.22045e-014 
 67 	 = 0.00597613 	 0  	 0 
 67 	 = 0.00597015 	 0  	 0 
 68 	 = 0.00588824 	 0.001  	 0.293727 
 68 	 = 0.00588235 	 0.0909918  	 0.0190617 
 69 	 = 0.0058029 	 0  	 0 
 69 	 = 0.0057971 	 0  	 0 
 70 	 = 0.00572001 	 0.001  	 0.185455 
 70 	 = 0.00571429 	 0.000571755  	 0.0606061 
 71 	 = 0.00563944 	 0  	 0 
 71 	 = 0.0056338 	 0  	 0 
 72 	 = 0.00556112 	 0.000166806  	 0.0181818 
 72 	 = 0.00555556 	 0.0909918  	 0.0316064 
 73 	 = 0.00548494 	 0  	 0 
 73 	 = 0.00547945 	 0  	 0 
 74 	 = 0.00540541 	 0  	 0 
 75 	 = 0.00533867 	 0  	 0 
 75 	 = 0.00533333 	 0  	 0 
 76 	 = 0.00526316 	 0  	 0 
 77 	 = 0.00519481 	 0  	 0 
 78 	 = 0.00512821 	 0  	 0 
 79 	 = 0.00506836 	 0  	 0 
 79 	 = 0.00506329 	 0  	 0 
 80 	 = 0.00500501 	 0.000751315  	 0.0909091 
 80 	 = 0.005 	 0  	 0 
 81 	 = 0.00494321 	 0  	 0 
 81 	 = 0.00493827 	 0  	 0 
 82 	 = 0.00488293 	 0.000953079  	 0.118182 
 82 	 = 0.00487805 	 0  	 0 
 83 	 = 0.0048241 	 0  	 0 
 83 	 = 0.00481928 	 0  	 0 
 84 	 = 0.00476667 	 0  	 0 
 84 	 = 0.0047619 	 0  	 0 
 85 	 = 0.00471059 	 0  	 0 
 85 	 = 0.00470588 	 0  	 0 
 86 	 = 0.00465582 	 0  	 0 
 86 	 = 0.00465116 	 0  	 0 
 87 	 = 0.0046023 	 0  	 0 
 87 	 = 0.0045977 	 0  	 0 
 88 	 = 0.00455 	 0  	 0 
 88 	 = 0.00454545 	 0  	 0 
 89 	 = 0.00449438 	 0  	 0 
 90 	 = 0.00444889 	 0  	 0 
 90 	 = 0.00444444 	 0  	 0 
 91 	 = 0.0044 	 0  	 0 
 91 	 = 0.0043956 	 0.000878349  	 0.121212 
 92 	 = 0.00435218 	 0  	 0 
 92 	 = 0.00434783 	 0  	 0 
 93 	 = 0.00430108 	 0.000644745  	 0.0909091 
 94 	 = 0.00425958 	 0  	 0 
 94 	 = 0.00425532 	 0  	 0 
 95 	 = 0.00421474 	 0  	 0 
 95 	 = 0.00421053 	 0.000420875  	 0.0606061 
 96 	 = 0.00416667 	 0  	 0 
 97 	 = 0.00412371 	 0.000206143  	 0.030303 
 98 	 = 0.00408572 	 0  	 0 
 98 	 = 0.00408163 	 0  	 0 
 99 	 = 0.0040404 	 0  	 0 
 100 	 = 0.004004 	 0  	 0 
 100 	 = 0.004 	 0  	 0 
 101 	 = 0.0039604 	 0.000198059  	 0.030303 
 102 	 = 0.00392549 	 0  	 0 
 102 	 = 0.00392157 	 0  	 0 
 103 	 = 0.00388738 	 0.001  	 0.301455 
 103 	 = 0.0038835 	 0.0003885  	 0.0606061 
 104 	 = 0.00385 	 0  	 0 
 104 	 = 0.00384615 	 0  	 0 
 105 	 = 0.00381334 	 0.001  	 0.396932 
 105 	 = 0.00380952 	 0.000571755  	 0.0909091 
 106 	 = 0.00377736 	 0  	 0 
 106 	 = 0.00377358 	 0  	 0 
 107 	 = 0.00374206 	 0.000252525  	 0.0409091 
 107 	 = 0.00373832 	 0.000748223  	 0.121212 
 108 	 = 0.00370741 	 0  	 0 
 108 	 = 0.0037037 	 0  	 0 
 109 	 = 0.0036734 	 0.001  	 0.345386 
 109 	 = 0.00366972 	 0.000918274  	 0.151515 
 110 	 = 0.00364 	 0  	 0 
 110 	 = 0.00363636 	 0  	 0 
 111 	 = 0.00360721 	 8.11688e-005  	 0.0136364 
 111 	 = 0.0036036 	 0  	 0 
 112 	 = 0.003575 	 0  	 0 
 112 	 = 0.00357143 	 0  	 0 
 113 	 = 0.00354337 	 0.000239234  	 0.0409091 
 113 	 = 0.00353982 	 0  	 0 
 114 	 = 0.00351228 	 0  	 0 
 114 	 = 0.00350877 	 0  	 0 
 115 	 = 0.00348174 	 0.00039185  	 0.0681818 
 115 	 = 0.00347826 	 0  	 0 
 116 	 = 0.00345173 	 0  	 0 
 116 	 = 0.00344828 	 0  	 0 
 117 	 = 0.00342223 	 0.001  	 0.433205 
 117 	 = 0.0034188 	 0  	 0 
 118 	 = 0.00339322 	 0  	 0 
 118 	 = 0.00338983 	 0  	 0 
 119 	 = 0.00336471 	 0.000681818  	 0.122727 
 119 	 = 0.00336134 	 0  	 0 
 120 	 = 0.00333667 	 0  	 0 
 120 	 = 0.00333333 	 0.0999001  	 0.035468 
 121 	 = 0.00330909 	 0.000819672  	 0.15 
 121 	 = 0.00330579 	 0  	 0 
 122 	 = 0.00328197 	 0  	 0 
 122 	 = 0.00327869 	 0.000819001  	 0.151515 
 123 	 = 0.00325529 	 0.001  	 0.423273 
 123 	 = 0.00325203 	 0  	 0 
 124 	 = 0.00322581 	 0.0909918  	 0.0272201 
 125 	 = 0.0032032 	 0  	 0 
 125 	 = 0.0032 	 0  	 0 
 126 	 = 0.00317778 	 0  	 0 
 126 	 = 0.0031746 	 0.000475964  	 0.0909091 
 127 	 = 0.00315276 	 0  	 0 
 127 	 = 0.00314961 	 0  	 0 
 128 	 = 0.00312813 	 0  	 0 
 128 	 = 0.003125 	 0.0909918  	 0.0194864 
 129 	 = 0.00310388 	 0  	 0 
 129 	 = 0.00310078 	 0  	 0 
 130 	 = 0.00308 	 0  	 0 
 130 	 = 0.00307692 	 0.000153822  	 0.030303 
 131 	 = 0.00305649 	 0  	 0 
 131 	 = 0.00305344 	 0  	 0 
 132 	 = 0.00303334 	 0.001  	 0.2 
 132 	 = 0.0030303 	 0.0909918  	 0.0122204 
 133 	 = 0.00301053 	 0  	 0 
 133 	 = 0.00300752 	 0  	 0 
 134 	 = 0.00298806 	 0.001  	 0.440727 
 134 	 = 0.00298507 	 0.000149276  	 0.030303 
 135 	 = 0.00296593 	 0  	 0 
 135 	 = 0.00296296 	 0  	 0 
 136 	 = 0.00294412 	 0.001  	 0.587455 
 136 	 = 0.00294118 	 0.0909918  	 0.0190617 
 137 	 = 0.00292263 	 0  	 0 
 137 	 = 0.00291971 	 0  	 0 
 138 	 = 0.00290145 	 0.000565463  	 0.118182 
 138 	 = 0.00289855 	 0.000434972  	 0.0909091 
 139 	 = 0.00288058 	 0  	 0 
 139 	 = 0.0028777 	 0  	 0 
 140 	 = 0.00286 	 0.1  	 0.0745127 
 140 	 = 0.00285714 	 0.0909918  	 0.0255128 
 141 	 = 0.00283972 	 0  	 0 
 141 	 = 0.00283688 	 0  	 0 
 142 	 = 0.00281972 	 0.001  	 0.347636 
 142 	 = 0.0028169 	 0.000704722  	 0.151515 
 143 	 = 0.0028 	 0  	 0 
 143 	 = 0.0027972 	 0  	 0 
 144 	 = 0.00278056 	 0.000166806  	 0.0363636 
 144 	 = 0.00277778 	 0.0909918  	 0.0316064 
 145 	 = 0.00276138 	 0  	 0 
 145 	 = 0.00275862 	 0  	 0 
 146 	 = 0.00274247 	 0.001  	 0.301091 
 146 	 = 0.00273973 	 0.000959824  	 0.212121 
 147 	 = 0.00272381 	 0  	 0 
 147 	 = 0.00272109 	 0  	 0 
 148 	 = 0.0027027 	 0  	 0 
 149 	 = 0.00268456 	 0  	 0 
 150 	 = 0.00266934 	 0.00020024  	 0.0454545 
 150 	 = 0.00266667 	 0  	 0 
 151 	 = 0.00265166 	 0  	 0 
 151 	 = 0.00264901 	 0.000926294  	 0.212121 
 152 	 = 0.00263158 	 0  	 0 
 153 	 = 0.002617 	 0  	 0 
 153 	 = 0.00261438 	 0.000783699  	 0.181818 
 154 	 = 0.0025974 	 0  	 0 
 155 	 = 0.00258323 	 0  	 0 
 155 	 = 0.00258065 	 0.000644745  	 0.151515 
 156 	 = 0.0025641 	 0  	 0 
 157 	 = 0.00255032 	 0  	 0 
 157 	 = 0.00254777 	 0.000509295  	 0.121212 
 158 	 = 0.00253418 	 0.001  	 0.470545 
 158 	 = 0.00253165 	 0  	 0 
 159 	 = 0.00251824 	 0  	 0 
 159 	 = 0.00251572 	 0.000377216  	 0.0909091 
 160 	 = 0.0025025 	 0.000751315  	 0.181818 
 160 	 = 0.0025 	 0  	 0 
 161 	 = 0.00248696 	 0  	 0 
 161 	 = 0.00248447 	 0.000248385  	 0.0606061 
 162 	 = 0.00247161 	 0.000853432  	 0.209091 
 162 	 = 0.00246914 	 0  	 0 
 163 	 = 0.00245644 	 0  	 0 
 163 	 = 0.00245399 	 0.000122684  	 0.030303 
 164 	 = 0.00244147 	 0.000953079  	 0.236364 
 164 	 = 0.00243902 	 0  	 0 
 165 	 = 0.00242667 	 0.001  	 0.25 
 165 	 = 0.00242424 	 0  	 0 
 166 	 = 0.00241205 	 0  	 0 
 166 	 = 0.00240964 	 0  	 0 
 167 	 = 0.00239761 	 0.000880345  	 0.222727 
 167 	 = 0.00239521 	 0.000119775  	 0.030303 
 168 	 = 0.00238334 	 0  	 0 
 168 	 = 0.00238095 	 0  	 0 
 169 	 = 0.00236686 	 0.000236742  	 0.0606061 
 170 	 = 0.0023553 	 0  	 0 
 170 	 = 0.00235294 	 0  	 0 
 171 	 = 0.00234152 	 0.001  	 0.510182 
 171 	 = 0.00233918 	 0.000351  	 0.0909091 
 172 	 = 0.00232791 	 0  	 0 
 172 	 = 0.00232558 	 0  	 0 
 173 	 = 0.00231445 	 0.1  	 0.0630322 
 173 	 = 0.00231214 	 0.000462642  	 0.121212 
 174 	 = 0.00230115 	 0  	 0 
 174 	 = 0.00229885 	 0  	 0 
 175 	 = 0.002288 	 0.001  	 0.463636 
 175 	 = 0.00228571 	 0.000571755  	 0.151515 
 176 	 = 0.002275 	 0  	 0 
 176 	 = 0.00227273 	 0  	 0 
 177 	 = 0.00226215 	 0.1  	 0.0565146 
 177 	 = 0.00225989 	 0.000678426  	 0.181818 
 178 	 = 0.00224719 	 0  	 0 
 179 	 = 0.00223687 	 0.000218048  	 0.0590909 
 179 	 = 0.00223464 	 0.000782735  	 0.212121 
 180 	 = 0.00222445 	 0  	 0 
 180 	 = 0.00222222 	 0.0999001  	 0.035468 
 181 	 = 0.00221216 	 0.1  	 0.0502846 
 181 	 = 0.00220994 	 0.00088476  	 0.242424 
 182 	 = 0.0022 	 0  	 0 
 182 	 = 0.0021978 	 0.000878349  	 0.242424 
 183 	 = 0.00218798 	 1.64096e-005  	 0.00454545 
 183 	 = 0.00218579 	 0.000984575  	 0.272727 
 184 	 = 0.00217609 	 0  	 0 
 184 	 = 0.00217391 	 0.0909918  	 0.0299098 
 185 	 = 0.00216433 	 8.11688e-005  	 0.0227273 
 185 	 = 0.00216216 	 0  	 0 
 186 	 = 0.00215054 	 0.000644745  	 0.181818 
 187 	 = 0.00213904 	 0  	 0 
 188 	 = 0.00212979 	 0  	 0 
 188 	 = 0.00212766 	 0.0909918  	 0.0245875 
 189 	 = 0.00211852 	 0.1  	 0.051174 
 189 	 = 0.0021164 	 0  	 0 
 190 	 = 0.00210737 	 0  	 0 
 190 	 = 0.00210526 	 0.000420875  	 0.121212 
 191 	 = 0.00209634 	 0.000361749  	 0.104545 
 191 	 = 0.00209424 	 0  	 0 
 192 	 = 0.00208333 	 0.0909918  	 0.0194864 
 193 	 = 0.00207461 	 0.000451432  	 0.131818 
 193 	 = 0.00207254 	 0  	 0 
 194 	 = 0.00206186 	 0.000206143  	 0.0606061 
 195 	 = 0.00205334 	 0.000539291  	 0.159091 
 195 	 = 0.00205128 	 0  	 0 
 196 	 = 0.00204286 	 0  	 0 
 196 	 = 0.00204082 	 0.0909918  	 0.0145931 
 197 	 = 0.00203249 	 0.1  	 0.0569531 
 197 	 = 0.00203046 	 0  	 0 
 198 	 = 0.0020202 	 0  	 0 
 199 	 = 0.00201005 	 0  	 0 
 200 	 = 0.002002 	 0.00090009  	 0.272727 
 200 	 = 0.002 	 0.0909918  	 0.0145463 
 1 	 = 0.4004 	 0  	 0 
 1 	 = 0.4 	 0  	 0 
 2 	 = 0.2002 	 0  	 0 
 2 	 = 0.2 	 0  	 0 
 3 	 = 0.133333 	 0  	 0 
 4 	 = 0.1001 	 0  	 0 
 4 	 = 0.1 	 0  	 0 
 5 	 = 0.0800801 	 0  	 0 
 5 	 = 0.08 	 0  	 0 
 6 	 = 0.0666667 	 0  	 0 
 7 	 = 0.0572001 	 0  	 0 
 7 	 = 0.0571429 	 0  	 0 
 8 	 = 0.0500501 	 0  	 0 
 8 	 = 0.05 	 0  	 0 
 9 	 = 0.0444889 	 0  	 0 
 9 	 = 0.0444444 	 0  	 0 
 10 	 = 0.04004 	 0  	 0 
 10 	 = 0.04 	 0  	 0 
 11 	 = 0.0364 	 0  	 0 
 11 	 = 0.0363636 	 0  	 0 
 12 	 = 0.0333333 	 0  	 0 
 13 	 = 0.0308 	 0  	 0 
 13 	 = 0.0307692 	 0  	 0 
 14 	 = 0.0286 	 0  	 0 
 14 	 = 0.0285714 	 0  	 0 
 15 	 = 0.0266934 	 0  	 0 
 15 	 = 0.0266667 	 0  	 0 
 16 	 = 0.025025 	 0  	 0 
 16 	 = 0.025 	 0  	 0 
 17 	 = 0.023553 	 0  	 0 
 17 	 = 0.0235294 	 0  	 0 
 18 	 = 0.0222445 	 0  	 0 
 18 	 = 0.0222222 	 0  	 0 
 19 	 = 0.0210526 	 0  	 0 
 20 	 = 0.02002 	 0  	 0 
 20 	 = 0.02 	 0  	 0 
 21 	 = 0.0190667 	 0  	 0 
 21 	 = 0.0190476 	 0  	 0 
 22 	 = 0.0182 	 0  	 0 
 22 	 = 0.0181818 	 0  	 0 
 23 	 = 0.0174087 	 0  	 0 
 23 	 = 0.0173913 	 0  	 0 
 24 	 = 0.0166667 	 0  	 0 
 25 	 = 0.016016 	 0  	 0 
 25 	 = 0.016 	 0  	 0 
 26 	 = 0.0154 	 0  	 0 
 26 	 = 0.0153846 	 0  	 0 
 27 	 = 0.0148296 	 0  	 0 
 27 	 = 0.0148148 	 0  	 0 
 28 	 = 0.0143 	 0  	 0 
 28 	 = 0.0142857 	 0  	 0 
 29 	 = 0.0138069 	 0  	 0 
 29 	 = 0.0137931 	 0  	 0 
 30 	 = 0.0133467 	 0  	 0 
 30 	 = 0.0133333 	 0  	 0 
 31 	 = 0.0129032 	 0.000644745  	 0.030303 
 32 	 = 0.0125125 	 0  	 0 
 32 	 = 0.0125 	 0  	 0 
 33 	 = 0.0121333 	 0.001  	 0.05 
 33 	 = 0.0121212 	 2.22045e-016  	 1.11022e-014 
 34 	 = 0.0117765 	 0  	 0 
 34 	 = 0.0117647 	 0  	 0 
 35 	 = 0.01144 	 0.001  	 0.0927273 
 35 	 = 0.0114286 	 0.000571755  	 0.030303 
 36 	 = 0.0111222 	 0  	 0 
 36 	 = 0.0111111 	 0  	 0 
 37 	 = 0.0108108 	 0  	 0 
 38 	 = 0.0105263 	 0  	 0 
 39 	 = 0.0102564 	 0  	 0 
 40 	 = 0.01001 	 0  	 0 
 40 	 = 0.01 	 0  	 0 
 41 	 = 0.00976586 	 0.000953079  	 0.0590909 
 41 	 = 0.0097561 	 0  	 0 
 42 	 = 0.00953334 	 0  	 0 
 42 	 = 0.00952381 	 0  	 0 
 43 	 = 0.00931164 	 0  	 0 
 43 	 = 0.00930233 	 0  	 0 
 44 	 = 0.00910001 	 0  	 0 
 44 	 = 0.00909091 	 0  	 0 
 45 	 = 0.00889779 	 0  	 0 
 45 	 = 0.00888889 	 0  	 0 
 46 	 = 0.00870436 	 0  	 0 
 46 	 = 0.00869565 	 0  	 0 
 47 	 = 0.00851916 	 0  	 0 
 47 	 = 0.00851064 	 0  	 0 
 48 	 = 0.00833333 	 0  	 0 
 49 	 = 0.00817144 	 0  	 0 
 49 	 = 0.00816327 	 0  	 0 
 50 	 = 0.00800801 	 0  	 0 
 50 	 = 0.008 	 0  	 0 
 51 	 = 0.00785099 	 0  	 0 
 51 	 = 0.00784314 	 0  	 0 
 52 	 = 0.00770001 	 0  	 0 
 52 	 = 0.00769231 	 0  	 0 
 53 	 = 0.00755472 	 0  	 0 
 53 	 = 0.00754717 	 0  	 0 
 54 	 = 0.00741482 	 0  	 0 
 54 	 = 0.00740741 	 0  	 0 
 55 	 = 0.00728001 	 0  	 0 
 55 	 = 0.00727273 	 0  	 0 
 56 	 = 0.00715001 	 0  	 0 
 56 	 = 0.00714286 	 0  	 0 
 57 	 = 0.00702457 	 0  	 0 
 57 	 = 0.00701754 	 0  	 0 
 58 	 = 0.00690346 	 0  	 0 
 58 	 = 0.00689655 	 0  	 0 
 59 	 = 0.00678645 	 0  	 0 
 59 	 = 0.00677966 	 0  	 0 
 60 	 = 0.00667334 	 0  	 0 
 60 	 = 0.00666667 	 0.0999001  	 0.035468 
 61 	 = 0.00656394 	 0  	 0 
 61 	 = 0.00655738 	 0  	 0 
 62 	 = 0.00645161 	 0.000644745  	 0.0606061 
 63 	 = 0.00635556 	 0  	 0 
 63 	 = 0.00634921 	 0  	 0 
 64 	 = 0.00625626 	 0  	 0 
 64 	 = 0.00625 	 0.0909918  	 0.0194864 
 65 	 = 0.00616001 	 0  	 0 
 65 	 = 0.00615385 	 0  	 0 
 66 	 = 0.00606667 	 0.001  	 0.1 
 66 	 = 0.00606061 	 2.22045e-016  	 2.22045e-014 
 67 	 = 0.00597613 	 0  	 0 
 67 	 = 0.00597015 	 0  	 0 
 68 	 = 0.00588824 	 0.001  	 0.293727 
 68 	 = 0.00588235 	 0.0909918  	 0.0190617 
 69 	 = 0.0058029 	 0  	 0 
 69 	 = 0.0057971 	 0  	 0 
 70 	 = 0.00572001 	 0.001  	 0.185455 
 70 	 = 0.00571429 	 0.000571755  	 0.0606061 
 71 	 = 0.00563944 	 0  	 0 
 71 	 = 0.0056338 	 0  	 0 
 72 	 = 0.00556112 	 0.000166806  	 0.0181818 
 72 	 = 0.00555556 	 0.0909918  	 0.0316064 
 73 	 = 0.00548494 	 0  	 0 
 73 	 = 0.00547945 	 0  	 0 
 74 	 = 0.00540541 	 0  	 0 
 75 	 = 0.00533867 	 0  	 0 
 75 	 = 0.00533333 	 0  	 0 
 76 	 = 0.00526316 	 0  	 0 
 77 	 = 0.00519481 	 0  	 0 
 78 	 = 0.00512821 	 0  	 0 
 79 	 = 0.00506836 	 0  	 0 
 79 	 = 0.00506329 	 0  	 0 
 80 	 = 0.00500501 	 0.000751315  	 0.0909091 
 80 	 = 0.005 	 0  	 0 
 81 	 = 0.00494321 	 0  	 0 
 81 	 = 0.00493827 	 0  	 0 
 82 	 = 0.00488293 	 0.000953079  	 0.118182 
 82 	 = 0.00487805 	 0  	 0 
 83 	 = 0.0048241 	 0  	 0 
 83 	 = 0.00481928 	 0  	 0 
 84 	 = 0.00476667 	 0  	 0 
 84 	 = 0.0047619 	 0  	 0 
 85 	 = 0.00471059 	 0  	 0 
 85 	 = 0.00470588 	 0  	 0 
 86 	 = 0.00465582 	 0  	 0 
 86 	 = 0.00465116 	 0  	 0 
 87 	 = 0.0046023 	 0  	 0 
 87 	 = 0.0045977 	 0  	 0 
 88 	 = 0.00455 	 0  	 0 
 88 	 = 0.00454545 	 0  	 0 
 89 	 = 0.00449438 	 0  	 0 
 90 	 = 0.00444889 	 0  	 0 
 90 	 = 0.00444444 	 0  	 0 
 91 	 = 0.0044 	 0  	 0 
 91 	 = 0.0043956 	 0.000878349  	 0.121212 
 92 	 = 0.00435218 	 0  	 0 
 92 	 = 0.00434783 	 0  	 0 
 93 	 = 0.00430108 	 0.000644745  	 0.0909091 
 94 	 = 0.00425958 	 0  	 0 
 94 	 = 0.00425532 	 0  	 0 
 95 	 = 0.00421474 	 0  	 0 
 95 	 = 0.00421053 	 0.000420875  	 0.0606061 
 96 	 = 0.00416667 	 0  	 0 
 97 	 = 0.00412371 	 0.000206143  	 0.030303 
 98 	 = 0.00408572 	 0  	 0 
 98 	 = 0.00408163 	 0  	 0 
 99 	 = 0.0040404 	 0  	 0 
 100 	 = 0.004004 	 0  	 0 
 100 	 = 0.004 	 0  	 0 
 101 	 = 0.0039604 	 0.000198059  	 0.030303 
 102 	 = 0.00392549 	 0  	 0 
 102 	 = 0.00392157 	 0  	 0 
 103 	 = 0.00388738 	 0.001  	 0.301455 
 103 	 = 0.0038835 	 0.0003885  	 0.0606061 
 104 	 = 0.00385 	 0  	 0 
 104 	 = 0.00384615 	 0  	 0 
 105 	 = 0.00381334 	 0.001  	 0.396932 
 105 	 = 0.00380952 	 0.000571755  	 0.0909091 
 106 	 = 0.00377736 	 0  	 0 
 106 	 = 0.00377358 	 0  	 0 
 107 	 = 0.00374206 	 0.000252525  	 0.0409091 
 107 	 = 0.00373832 	 0.000748223  	 0.121212 
 108 	 = 0.00370741 	 0  	 0 
 108 	 = 0.0037037 	 0  	 0 
 109 	 = 0.0036734 	 0.001  	 0.345386 
 109 	 = 0.00366972 	 0.000918274  	 0.151515 
 110 	 = 0.00364 	 0  	 0 
 110 	 = 0.00363636 	 0  	 0 
 111 	 = 0.00360721 	 8.11688e-005  	 0.0136364 
 111 	 = 0.0036036 	 0  	 0 
 112 	 = 0.003575 	 0  	 0 
 112 	 = 0.00357143 	 0  	 0 
 113 	 = 0.00354337 	 0.000239234  	 0.0409091 
 113 	 = 0.00353982 	 0  	 0 
 114 	 = 0.00351228 	 0  	 0 
 114 	 = 0.00350877 	 0  	 0 
 115 	 = 0.00348174 	 0.00039185  	 0.0681818 
 115 	 = 0.00347826 	 0  	 0 
 116 	 = 0.00345173 	 0  	 0 
 116 	 = 0.00344828 	 0  	 0 
 117 	 = 0.00342223 	 0.001  	 0.433205 
 117 	 = 0.0034188 	 0  	 0 
 118 	 = 0.00339322 	 0  	 0 
 118 	 = 0.00338983 	 0  	 0 
 119 	 = 0.00336471 	 0.000681818  	 0.122727 
 119 	 = 0.00336134 	 0  	 0 
 120 	 = 0.00333667 	 0  	 0 
 120 	 = 0.00333333 	 0.0999001  	 0.035468 
 121 	 = 0.00330909 	 0.000819672  	 0.15 
 121 	 = 0.00330579 	 0  	 0 
 122 	 = 0.00328197 	 0  	 0 
 122 	 = 0.00327869 	 0.000819001  	 0.151515 
 123 	 = 0.00325529 	 0.001  	 0.423273 
 123 	 = 0.00325203 	 0  	 0 
 124 	 = 0.00322581 	 0.0909918  	 0.0272201 
 125 	 = 0.0032032 	 0  	 0 
 125 	 = 0.0032 	 0  	 0 
 126 	 = 0.00317778 	 0  	 0 
 126 	 = 0.0031746 	 0.000475964  	 0.0909091 
 127 	 = 0.00315276 	 0  	 0 
 127 	 = 0.00314961 	 0  	 0 
 128 	 = 0.00312813 	 0  	 0 
 128 	 = 0.003125 	 0.0909918  	 0.0194864 
 129 	 = 0.00310388 	 0  	 0 
 129 	 = 0.00310078 	 0  	 0 
 130 	 = 0.00308 	 0  	 0 
 130 	 = 0.00307692 	 0.000153822  	 0.030303 
 131 	 = 0.00305649 	 0  	 0 
 131 	 = 0.00305344 	 0  	 0 
 132 	 = 0.00303334 	 0.001  	 0.2 
 132 	 = 0.0030303 	 0.0909918  	 0.0122204 
 133 	 = 0.00301053 	 0  	 0 
 133 	 = 0.00300752 	 0  	 0 
 134 	 = 0.00298806 	 0.001  	 0.440727 
 134 	 = 0.00298507 	 0.000149276  	 0.030303 
 135 	 = 0.00296593 	 0  	 0 
 135 	 = 0.00296296 	 0  	 0 
 136 	 = 0.00294412 	 0.001  	 0.587455 
 136 	 = 0.00294118 	 0.0909918  	 0.0190617 
 137 	 = 0.00292263 	 0  	 0 
 137 	 = 0.00291971 	 0  	 0 
 138 	 = 0.00290145 	 0.000565463  	 0.118182 
 138 	 = 0.00289855 	 0.000434972  	 0.0909091 
 139 	 = 0.00288058 	 0  	 0 
 139 	 = 0.0028777 	 0  	 0 
 140 	 = 0.00286 	 0.1  	 0.0745127 
 140 	 = 0.00285714 	 0.0909918  	 0.0255128 
 141 	 = 0.00283972 	 0  	 0 
 141 	 = 0.00283688 	 0  	 0 
 142 	 = 0.00281972 	 0.001  	 0.347636 
 142 	 = 0.0028169 	 0.000704722  	 0.151515 
 143 	 = 0.0028 	 0  	 0 
 143 	 = 0.0027972 	 0  	 0 
 144 	 = 0.00278056 	 0.000166806  	 0.0363636 
 144 	 = 0.00277778 	 0.0909918  	 0.0316064 
 145 	 = 0.00276138 	 0  	 0 
 145 	 = 0.00275862 	 0  	 0 
 146 	 = 0.00274247 	 0.001  	 0.301091 
 146 	 = 0.00273973 	 0.000959824  	 0.212121 
 147 	 = 0.00272381 	 0  	 0 
 147 	 = 0.00272109 	 0  	 0 
 148 	 = 0.0027027 	 0  	 0 
 149 	 = 0.00268456 	 0  	 0 
 150 	 = 0.00266934 	 0.00020024  	 0.0454545 
 150 	 = 0.00266667 	 0  	 0 
 151 	 = 0.00265166 	 0  	 0 
 151 	 = 0.00264901 	 0.000926294  	 0.212121 
 152 	 = 0.00263158 	 0  	 0 
 153 	 = 0.002617 	 0  	 0 
 153 	 = 0.00261438 	 0.000783699  	 0.181818 
 154 	 = 0.0025974 	 0  	 0 
 155 	 = 0.00258323 	 0  	 0 
 155 	 = 0.00258065 	 0.000644745  	 0.151515 
 156 	 = 0.0025641 	 0  	 0 
 157 	 = 0.00255032 	 0  	 0 
 157 	 = 0.00254777 	 0.000509295  	 0.121212 
 158 	 = 0.00253418 	 0.001  	 0.470545 
 158 	 = 0.00253165 	 0  	 0 
 159 	 = 0.00251824 	 0  	 0 
 159 	 = 0.00251572 	 0.000377216  	 0.0909091 
 160 	 = 0.0025025 	 0.000751315  	 0.181818 
 160 	 = 0.0025 	 0  	 0 
 161 	 = 0.00248696 	 0  	 0 
 161 	 = 0.00248447 	 0.000248385  	 0.0606061 
 162 	 = 0.00247161 	 0.000853432  	 0.209091 
 162 	 = 0.00246914 	 0  	 0 
 163 	 = 0.00245644 	 0  	 0 
 163 	 = 0.00245399 	 0.000122684  	 0.030303 
 164 	 = 0.00244147 	 0.000953079  	 0.236364 
 164 	 = 0.00243902 	 0  	 0 
 165 	 = 0.00242667 	 0.001  	 0.25 
 165 	 = 0.00242424 	 0  	 0 
 166 	 = 0.00241205 	 0  	 0 
 166 	 = 0.00240964 	 0  	 0 
 167 	 = 0.00239761 	 0.000880345  	 0.222727 
 167 	 = 0.00239521 	 0.000119775  	 0.030303 
 168 	 = 0.00238334 	 0  	 0 
 168 	 = 0.00238095 	 0  	 0 
 169 	 = 0.00236686 	 0.000236742  	 0.0606061 
 170 	 = 0.0023553 	 0  	 0 
 170 	 = 0.00235294 	 0  	 0 
 171 	 = 0.00234152 	 0.001  	 0.510182 
 171 	 = 0.00233918 	 0.000351  	 0.0909091 
 172 	 = 0.00232791 	 0  	 0 
 172 	 = 0.00232558 	 0  	 0 
 173 	 = 0.00231445 	 0.1  	 0.0630322 
 173 	 = 0.00231214 	 0.000462642  	 0.121212 
 174 	 = 0.00230115 	 0  	 0 
 174 	 = 0.00229885 	 0  	 0 
 175 	 = 0.002288 	 0.001  	 0.463636 
 175 	 = 0.00228571 	 0.000571755  	 0.151515 
 176 	 = 0.002275 	 0  	 0 
 176 	 = 0.00227273 	 0  	 0 
 177 	 = 0.00226215 	 0.1  	 0.0565146 
 177 	 = 0.00225989 	 0.000678426  	 0.181818 
 178 	 = 0.00224719 	 0  	 0 
 179 	 = 0.00223687 	 0.000218048  	 0.0590909 
 179 	 = 0.00223464 	 0.000782735  	 0.212121 
 180 	 = 0.00222445 	 0  	 0 
 180 	 = 0.00222222 	 0.0999001  	 0.035468 
 181 	 = 0.00221216 	 0.1  	 0.0502846 
 181 	 = 0.00220994 	 0.00088476  	 0.242424 
 182 	 = 0.0022 	 0  	 0 
 182 	 = 0.0021978 	 0.000878349  	 0.242424 
 183 	 = 0.00218798 	 1.64096e-005  	 0.00454545 
 183 	 = 0.00218579 	 0.000984575  	 0.272727 
 184 	 = 0.00217609 	 0  	 0 
 184 	 = 0.00217391 	 0.0909918  	 0.0299098 
 185 	 = 0.00216433 	 8.11688e-005  	 0.0227273 
 185 	 = 0.00216216 	 0  	 0 
 186 	 = 0.00215054 	 0.000644745  	 0.181818 
 187 	 = 0.00213904 	 0  	 0 
 188 	 = 0.00212979 	 0  	 0 
 188 	 = 0.00212766 	 0.0909918  	 0.0245875 
 189 	 = 0.00211852 	 0.1  	 0.051174 
 189 	 = 0.0021164 	 0  	 0 
 190 	 = 0.00210737 	 0  	 0 
 190 	 = 0.00210526 	 0.000420875  	 0.121212 
 191 	 = 0.00209634 	 0.000361749  	 0.104545 
 191 	 = 0.00209424 	 0  	 0 
 192 	 = 0.00208333 	 0.0909918  	 0.0194864 
 193 	 = 0.00207461 	 0.000451432  	 0.131818 
 193 	 = 0.00207254 	 0  	 0 
 194 	 = 0.00206186 	 0.000206143  	 0.0606061 
 195 	 = 0.00205334 	 0.000539291  	 0.159091 
 195 	 = 0.00205128 	 0  	 0 
 196 	 = 0.00204286 	 0  	 0 
 196 	 = 0.00204082 	 0.0909918  	 0.0145931 
 197 	 = 0.00203249 	 0.1  	 0.0569531 
 197 	 = 0.00203046 	 0  	 0 
 198 	 = 0.0020202 	 0  	 0 
 199 	 = 0.00201005 	 0  	 0 
 200 	 = 0.002002 	 0.00090009  	 0.272727 
 200 	 = 0.002 	 0.0909918  	 0.0145463 
