 20 	 = 0.025 	 0  	 0 
 21 	 = 0.0238095 	 0  	 0 
 22 	 = 0.0227273 	 0  	 0 
 23 	 = 0.0217391 	 0  	 0 
 24 	 = 0.0208333 	 0  	 0 
 25 	 = 0.02 	 0  	 0 
 26 	 = 0.0192308 	 0  	 0 
 27 	 = 0.0185185 	 0  	 0 
 28 	 = 0.0178571 	 0  	 0 
 29 	 = 0.0172414 	 0  	 0 
 30 	 = 0.0166667 	 0  	 0 
 31 	 = 0.016129 	 0  	 0 
 32 	 = 0.015625 	 0  	 0 
 33 	 = 0.0151515 	 0  	 0 
 34 	 = 0.0147059 	 0  	 0 
 35 	 = 0.0142857 	 0  	 0 
 36 	 = 0.0138889 	 0  	 0 
 37 	 = 0.0135135 	 0  	 0 
 38 	 = 0.0131579 	 0  	 0 
 39 	 = 0.0128205 	 0  	 0 
 40 	 = 0.0125 	 0  	 0 
 41 	 = 0.0121951 	 0  	 0 
 42 	 = 0.0119048 	 0  	 0 
 43 	 = 0.0116279 	 0  	 0 
 44 	 = 0.0113636 	 0  	 0 
 45 	 = 0.0111111 	 0  	 0 
 46 	 = 0.0108696 	 0  	 0 
 47 	 = 0.0106383 	 0  	 0 
 48 	 = 0.0104167 	 0  	 0 
 49 	 = 0.0102041 	 2.22045e-014  	 2.22045e-014 
 50 	 = 0.01 	 0  	 0 
 20 	 = 0.025 	 0  	 0 
 21 	 = 0.0238095 	 0  	 0 
 22 	 = 0.0227273 	 0  	 0 
 23 	 = 0.0217391 	 0  	 0 
 24 	 = 0.0208333 	 0  	 0 
 25 	 = 0.02 	 0  	 0 
 26 	 = 0.0192308 	 0  	 0 
 27 	 = 0.0185185 	 0  	 0 
 28 	 = 0.0178571 	 0  	 0 
 29 	 = 0.0172414 	 0  	 0 
 30 	 = 0.0166667 	 0  	 0 
 31 	 = 0.016129 	 0  	 0 
 32 	 = 0.015625 	 0  	 0 
 33 	 = 0.0151515 	 0  	 0 
 34 	 = 0.0147059 	 0  	 0 
 35 	 = 0.0142857 	 0  	 0 
 36 	 = 0.0138889 	 0  	 0 
 37 	 = 0.0135135 	 0  	 0 
 38 	 = 0.0131579 	 0  	 0 
 39 	 = 0.0128205 	 0  	 0 
 40 	 = 0.0125 	 0  	 0 
 41 	 = 0.0121951 	 0  	 0 
 42 	 = 0.0119048 	 0  	 0 
 43 	 = 0.0116279 	 0  	 0 
 44 	 = 0.0113636 	 0  	 0 
 45 	 = 0.0111111 	 0  	 0 
 46 	 = 0.0108696 	 0  	 0 
 47 	 = 0.0106383 	 0  	 0 
 48 	 = 0.0104167 	 0  	 0 
 49 	 = 0.0102041 	 2.22045e-014  	 2.22045e-014 
 50 	 = 0.01 	 0  	 0 
 20 	 = 0.025 	 0  	 0 
 21 	 = 0.0238095 	 0  	 0 
 22 	 = 0.0227273 	 0  	 0 
 23 	 = 0.0217391 	 0  	 0 
 24 	 = 0.0208333 	 0  	 0 
 25 	 = 0.02 	 0  	 0 
 26 	 = 0.0192308 	 0  	 0 
 27 	 = 0.0185185 	 0  	 0 
 28 	 = 0.0178571 	 0  	 0 
 29 	 = 0.0172414 	 0  	 0 
 30 	 = 0.0166667 	 0  	 0 
 31 	 = 0.016129 	 0  	 0 
 32 	 = 0.015625 	 0  	 0 
 33 	 = 0.0151515 	 0  	 0 
 34 	 = 0.0147059 	 0  	 0 
 35 	 = 0.0142857 	 0  	 0 
 36 	 = 0.0138889 	 0  	 0 
 37 	 = 0.0135135 	 0  	 0 
 38 	 = 0.0131579 	 0  	 0 
 39 	 = 0.0128205 	 0  	 0 
 40 	 = 0.0125 	 0  	 0 
 41 	 = 0.0121951 	 0  	 0 
 42 	 = 0.0119048 	 0  	 0 
 43 	 = 0.0116279 	 0  	 0 
 44 	 = 0.0113636 	 0  	 0 
 45 	 = 0.0111111 	 0  	 0 
 46 	 = 0.0108696 	 0  	 0 
 47 	 = 0.0106383 	 0  	 0 
 48 	 = 0.0104167 	 0  	 0 
 49 	 = 0.0102041 	 2.22045e-014  	 2.22045e-014 
 50 	 = 0.01 	 0  	 0 
 20 	 = 0.025 	 0  	 0 
 21 	 = 0.0238095 	 0  	 0 
 22 	 = 0.0227273 	 0  	 0 
 23 	 = 0.0217391 	 0  	 0 
 24 	 = 0.0208333 	 0  	 0 
 25 	 = 0.02 	 0  	 0 
 26 	 = 0.0192308 	 0  	 0 
 27 	 = 0.0185185 	 0  	 0 
 28 	 = 0.0178571 	 0  	 0 
 29 	 = 0.0172414 	 0  	 0 
 30 	 = 0.0166667 	 0  	 0 
 31 	 = 0.016129 	 0  	 0 
 32 	 = 0.015625 	 0  	 0 
 33 	 = 0.0151515 	 0  	 0 
 34 	 = 0.0147059 	 0  	 0 
 35 	 = 0.0142857 	 0  	 0 
 36 	 = 0.0138889 	 0  	 0 
 37 	 = 0.0135135 	 0  	 0 
 38 	 = 0.0131579 	 0  	 0 
 39 	 = 0.0128205 	 0  	 0 
 40 	 = 0.0125 	 0  	 0 
 41 	 = 0.0121951 	 0  	 0 
 42 	 = 0.0119048 	 0  	 0 
 43 	 = 0.0116279 	 0  	 0 
 44 	 = 0.0113636 	 0  	 0 
 45 	 = 0.0111111 	 0  	 0 
 46 	 = 0.0108696 	 0  	 0 
 47 	 = 0.0106383 	 0  	 0 
 48 	 = 0.0104167 	 0  	 0 
 49 	 = 0.0102041 	 2.22045e-014  	 2.22045e-014 
 50 	 = 0.01 	 0  	 0 
 20 	 = 0.025 	 0  	 0 
 21 	 = 0.0238095 	 0  	 0 
 22 	 = 0.0227273 	 0  	 0 
 23 	 = 0.0217391 	 0  	 0 
 24 	 = 0.0208333 	 0  	 0 
 25 	 = 0.02 	 0  	 0 
 26 	 = 0.0192308 	 0  	 0 
 27 	 = 0.0185185 	 0  	 0 
 28 	 = 0.0178571 	 0  	 0 
 29 	 = 0.0172414 	 0  	 0 
 30 	 = 0.0166667 	 0  	 0 
 31 	 = 0.016129 	 0  	 0 
 32 	 = 0.015625 	 0  	 0 
 33 	 = 0.0151515 	 0  	 0 
 34 	 = 0.0147059 	 0  	 0 
 35 	 = 0.0142857 	 0  	 0 
 36 	 = 0.0138889 	 0  	 0 
 37 	 = 0.0135135 	 0  	 0 
 38 	 = 0.0131579 	 0  	 0 
 39 	 = 0.0128205 	 0  	 0 
 40 	 = 0.0125 	 0  	 0 
 41 	 = 0.0121951 	 0  	 0 
 42 	 = 0.0119048 	 0  	 0 
 43 	 = 0.0116279 	 0  	 0 
 44 	 = 0.0113636 	 0  	 0 
 45 	 = 0.0111111 	 0  	 0 
 46 	 = 0.0108696 	 0  	 0 
 47 	 = 0.0106383 	 0  	 0 
 48 	 = 0.0104167 	 0  	 0 
 49 	 = 0.0102041 	 2.22045e-014  	 2.22045e-014 
 50 	 = 0.01 	 0  	 0 
 20 	 = 0.025 	 0  	 0 
 21 	 = 0.0238095 	 0  	 0 
 22 	 = 0.0227273 	 0  	 0 
 23 	 = 0.0217391 	 0  	 0 
 24 	 = 0.0208333 	 0  	 0 
 25 	 = 0.02 	 0  	 0 
 26 	 = 0.0192308 	 0  	 0 
 27 	 = 0.0185185 	 0  	 0 
 28 	 = 0.0178571 	 0  	 0 
 29 	 = 0.0172414 	 0  	 0 
 30 	 = 0.0166667 	 0  	 0 
 31 	 = 0.016129 	 0  	 0 
 32 	 = 0.015625 	 0  	 0 
 33 	 = 0.0151515 	 0  	 0 
 34 	 = 0.0147059 	 0  	 0 
 35 	 = 0.0142857 	 0  	 0 
 36 	 = 0.0138889 	 0  	 0 
 37 	 = 0.0135135 	 0  	 0 
 38 	 = 0.0131579 	 0  	 0 
 39 	 = 0.0128205 	 0  	 0 
 40 	 = 0.0125 	 0  	 0 
 41 	 = 0.0121951 	 0  	 0 
 42 	 = 0.0119048 	 0  	 0 
 43 	 = 0.0116279 	 0  	 0 
 44 	 = 0.0113636 	 0  	 0 
 45 	 = 0.0111111 	 0  	 0 
 46 	 = 0.0108696 	 0  	 0 
 47 	 = 0.0106383 	 0  	 0 
 48 	 = 0.0104167 	 0  	 0 
 49 	 = 0.0102041 	 2.22045e-014  	 2.22045e-014 
 50 	 = 0.01 	 0  	 0 
 20 	 = 0.025 	 0  	 0 
 21 	 = 0.0238095 	 0  	 0 
 22 	 = 0.0227273 	 0  	 0 
 23 	 = 0.0217391 	 0  	 0 
 24 	 = 0.0208333 	 0  	 0 
 25 	 = 0.02 	 0  	 0 
 26 	 = 0.0192308 	 0  	 0 
 27 	 = 0.0185185 	 0  	 0 
 28 	 = 0.0178571 	 0  	 0 
 29 	 = 0.0172414 	 0  	 0 
 30 	 = 0.0166667 	 0  	 0 
 31 	 = 0.016129 	 0  	 0 
 32 	 = 0.015625 	 0  	 0 
 33 	 = 0.0151515 	 0  	 0 
 34 	 = 0.0147059 	 0  	 0 
 35 	 = 0.0142857 	 0  	 0 
 36 	 = 0.0138889 	 0  	 0 
 37 	 = 0.0135135 	 0  	 0 
 38 	 = 0.0131579 	 0  	 0 
 39 	 = 0.0128205 	 0  	 0 
 40 	 = 0.0125 	 0  	 0 
 41 	 = 0.0121951 	 0  	 0 
 42 	 = 0.0119048 	 0  	 0 
 43 	 = 0.0116279 	 0  	 0 
 44 	 = 0.0113636 	 0  	 0 
 45 	 = 0.0111111 	 0  	 0 
 46 	 = 0.0108696 	 0  	 0 
 47 	 = 0.0106383 	 0  	 0 
 48 	 = 0.0104167 	 0  	 0 
 49 	 = 0.0102041 	 2.22045e-014  	 2.22045e-014 
 50 	 = 0.01 	 0  	 0 
